<?xml version="1.0" encoding="UTF-8"?>
<testsuite xmlns:xsi="http://www.w3.org/2001/XMLSchema-instance" xsi:noNamespaceSchemaLocation="https://maven.apache.org/surefire/maven-surefire-plugin/xsd/surefire-test-report.xsd" name="com.example.chatuser.ChatUserApplicationTests" time="9.75" tests="1" errors="1" skipped="0" failures="0">
  <properties>
    <property name="sun.desktop" value="windows"/>
    <property name="awt.toolkit" value="sun.awt.windows.WToolkit"/>
    <property name="file.encoding.pkg" value="sun.io"/>
    <property name="java.specification.version" value="1.8"/>
    <property name="sun.cpu.isalist" value="amd64"/>
    <property name="sun.jnu.encoding" value="GBK"/>
    <property name="java.class.path" value="C:\Users\Administrator\Desktop\chat\chat-user\target\test-classes;C:\Users\Administrator\Desktop\chat\chat-user\target\classes;E:\maven_data\org\mybatis\spring\boot\mybatis-spring-boot-starter\2.2.2\mybatis-spring-boot-starter-2.2.2.jar;E:\maven_data\org\springframework\boot\spring-boot-starter\2.5.6\spring-boot-starter-2.5.6.jar;E:\maven_data\org\springframework\boot\spring-boot-starter-logging\2.5.6\spring-boot-starter-logging-2.5.6.jar;E:\maven_data\ch\qos\logback\logback-classic\1.2.6\logback-classic-1.2.6.jar;E:\maven_data\ch\qos\logback\logback-core\1.2.6\logback-core-1.2.6.jar;E:\maven_data\org\apache\logging\log4j\log4j-to-slf4j\2.14.1\log4j-to-slf4j-2.14.1.jar;E:\maven_data\org\apache\logging\log4j\log4j-api\2.14.1\log4j-api-2.14.1.jar;E:\maven_data\org\slf4j\jul-to-slf4j\1.7.32\jul-to-slf4j-1.7.32.jar;E:\maven_data\jakarta\annotation\jakarta.annotation-api\1.3.5\jakarta.annotation-api-1.3.5.jar;E:\maven_data\org\yaml\snakeyaml\1.28\snakeyaml-1.28.jar;E:\maven_data\org\mybatis\spring\boot\mybatis-spring-boot-autoconfigure\2.2.2\mybatis-spring-boot-autoconfigure-2.2.2.jar;E:\maven_data\org\mybatis\mybatis\3.5.9\mybatis-3.5.9.jar;E:\maven_data\org\mybatis\mybatis-spring\2.0.7\mybatis-spring-2.0.7.jar;E:\maven_data\com\alibaba\druid\1.2.16\druid-1.2.16.jar;E:\maven_data\mysql\mysql-connector-java\8.0.27\mysql-connector-java-8.0.27.jar;E:\maven_data\org\mybatis\generator\mybatis-generator-core\1.4.2\mybatis-generator-core-1.4.2.jar;E:\maven_data\org\springframework\boot\spring-boot-starter-jdbc\2.5.6\spring-boot-starter-jdbc-2.5.6.jar;E:\maven_data\com\zaxxer\HikariCP\4.0.3\HikariCP-4.0.3.jar;E:\maven_data\org\springframework\spring-jdbc\5.3.12\spring-jdbc-5.3.12.jar;E:\maven_data\org\springframework\spring-tx\5.3.12\spring-tx-5.3.12.jar;E:\maven_data\org\springframework\boot\spring-boot-starter-web\2.5.6\spring-boot-starter-web-2.5.6.jar;E:\maven_data\org\springframework\boot\spring-boot-starter-json\2.5.6\spring-boot-starter-json-2.5.6.jar;E:\maven_data\com\fasterxml\jackson\datatype\jackson-datatype-jdk8\2.12.5\jackson-datatype-jdk8-2.12.5.jar;E:\maven_data\com\fasterxml\jackson\datatype\jackson-datatype-jsr310\2.12.5\jackson-datatype-jsr310-2.12.5.jar;E:\maven_data\com\fasterxml\jackson\module\jackson-module-parameter-names\2.12.5\jackson-module-parameter-names-2.12.5.jar;E:\maven_data\org\springframework\boot\spring-boot-starter-tomcat\2.5.6\spring-boot-starter-tomcat-2.5.6.jar;E:\maven_data\org\apache\tomcat\embed\tomcat-embed-core\9.0.54\tomcat-embed-core-9.0.54.jar;E:\maven_data\org\apache\tomcat\embed\tomcat-embed-el\9.0.54\tomcat-embed-el-9.0.54.jar;E:\maven_data\org\apache\tomcat\embed\tomcat-embed-websocket\9.0.54\tomcat-embed-websocket-9.0.54.jar;E:\maven_data\org\springframework\spring-web\5.3.12\spring-web-5.3.12.jar;E:\maven_data\org\springframework\spring-webmvc\5.3.12\spring-webmvc-5.3.12.jar;E:\maven_data\org\projectlombok\lombok\1.18.26\lombok-1.18.26.jar;E:\maven_data\org\springframework\boot\spring-boot-starter-test\2.5.6\spring-boot-starter-test-2.5.6.jar;E:\maven_data\org\springframework\boot\spring-boot-test\2.5.6\spring-boot-test-2.5.6.jar;E:\maven_data\org\springframework\boot\spring-boot-test-autoconfigure\2.5.6\spring-boot-test-autoconfigure-2.5.6.jar;E:\maven_data\com\jayway\jsonpath\json-path\2.5.0\json-path-2.5.0.jar;E:\maven_data\net\minidev\json-smart\2.4.7\json-smart-2.4.7.jar;E:\maven_data\net\minidev\accessors-smart\2.4.7\accessors-smart-2.4.7.jar;E:\maven_data\org\ow2\asm\asm\9.1\asm-9.1.jar;E:\maven_data\jakarta\xml\bind\jakarta.xml.bind-api\2.3.3\jakarta.xml.bind-api-2.3.3.jar;E:\maven_data\jakarta\activation\jakarta.activation-api\1.2.2\jakarta.activation-api-1.2.2.jar;E:\maven_data\org\assertj\assertj-core\3.19.0\assertj-core-3.19.0.jar;E:\maven_data\org\hamcrest\hamcrest\2.2\hamcrest-2.2.jar;E:\maven_data\org\junit\jupiter\junit-jupiter\5.7.2\junit-jupiter-5.7.2.jar;E:\maven_data\org\junit\jupiter\junit-jupiter-api\5.7.2\junit-jupiter-api-5.7.2.jar;E:\maven_data\org\apiguardian\apiguardian-api\1.1.0\apiguardian-api-1.1.0.jar;E:\maven_data\org\opentest4j\opentest4j\1.2.0\opentest4j-1.2.0.jar;E:\maven_data\org\junit\platform\junit-platform-commons\1.7.2\junit-platform-commons-1.7.2.jar;E:\maven_data\org\junit\jupiter\junit-jupiter-params\5.7.2\junit-jupiter-params-5.7.2.jar;E:\maven_data\org\junit\jupiter\junit-jupiter-engine\5.7.2\junit-jupiter-engine-5.7.2.jar;E:\maven_data\org\junit\platform\junit-platform-engine\1.7.2\junit-platform-engine-1.7.2.jar;E:\maven_data\org\mockito\mockito-core\3.9.0\mockito-core-3.9.0.jar;E:\maven_data\net\bytebuddy\byte-buddy\1.10.22\byte-buddy-1.10.22.jar;E:\maven_data\net\bytebuddy\byte-buddy-agent\1.10.22\byte-buddy-agent-1.10.22.jar;E:\maven_data\org\objenesis\objenesis\3.2\objenesis-3.2.jar;E:\maven_data\org\mockito\mockito-junit-jupiter\3.9.0\mockito-junit-jupiter-3.9.0.jar;E:\maven_data\org\skyscreamer\jsonassert\1.5.0\jsonassert-1.5.0.jar;E:\maven_data\com\vaadin\external\google\android-json\0.0.20131108.vaadin1\android-json-0.0.20131108.vaadin1.jar;E:\maven_data\org\springframework\spring-core\5.3.12\spring-core-5.3.12.jar;E:\maven_data\org\springframework\spring-jcl\5.3.12\spring-jcl-5.3.12.jar;E:\maven_data\org\springframework\spring-test\5.3.12\spring-test-5.3.12.jar;E:\maven_data\org\xmlunit\xmlunit-core\2.8.3\xmlunit-core-2.8.3.jar;E:\maven_data\com\baomidou\mybatis-plus-boot-starter\3.5.3.1\mybatis-plus-boot-starter-3.5.3.1.jar;E:\maven_data\com\baomidou\mybatis-plus\3.5.3.1\mybatis-plus-3.5.3.1.jar;E:\maven_data\com\baomidou\mybatis-plus-extension\3.5.3.1\mybatis-plus-extension-3.5.3.1.jar;E:\maven_data\com\baomidou\mybatis-plus-core\3.5.3.1\mybatis-plus-core-3.5.3.1.jar;E:\maven_data\com\baomidou\mybatis-plus-annotation\3.5.3.1\mybatis-plus-annotation-3.5.3.1.jar;E:\maven_data\com\github\jsqlparser\jsqlparser\4.4\jsqlparser-4.4.jar;E:\maven_data\io\swagger\swagger-annotations\1.6.8\swagger-annotations-1.6.8.jar;E:\maven_data\javax\validation\validation-api\2.0.1.Final\validation-api-2.0.1.Final.jar;E:\maven_data\com\alibaba\fastjson\2.0.32\fastjson-2.0.32.jar;E:\maven_data\com\alibaba\fastjson2\fastjson2-extension\2.0.32\fastjson2-extension-2.0.32.jar;E:\maven_data\com\alibaba\fastjson2\fastjson2\2.0.32\fastjson2-2.0.32.jar;E:\maven_data\org\springframework\security\spring-security-core\5.5.3\spring-security-core-5.5.3.jar;E:\maven_data\org\springframework\security\spring-security-crypto\5.5.3\spring-security-crypto-5.5.3.jar;E:\maven_data\org\springframework\spring-aop\5.3.12\spring-aop-5.3.12.jar;E:\maven_data\org\springframework\spring-beans\5.3.12\spring-beans-5.3.12.jar;E:\maven_data\org\springframework\spring-context\5.3.12\spring-context-5.3.12.jar;E:\maven_data\org\springframework\spring-expression\5.3.12\spring-expression-5.3.12.jar;E:\maven_data\org\springframework\boot\spring-boot-starter-mail\2.5.6\spring-boot-starter-mail-2.5.6.jar;E:\maven_data\org\springframework\spring-context-support\5.3.12\spring-context-support-5.3.12.jar;E:\maven_data\com\sun\mail\jakarta.mail\1.6.7\jakarta.mail-1.6.7.jar;E:\maven_data\com\sun\activation\jakarta.activation\1.2.2\jakarta.activation-1.2.2.jar;E:\maven_data\org\springframework\boot\spring-boot-starter-data-redis\2.5.6\spring-boot-starter-data-redis-2.5.6.jar;E:\maven_data\org\springframework\data\spring-data-redis\2.5.6\spring-data-redis-2.5.6.jar;E:\maven_data\org\springframework\data\spring-data-keyvalue\2.5.6\spring-data-keyvalue-2.5.6.jar;E:\maven_data\org\springframework\data\spring-data-commons\2.5.6\spring-data-commons-2.5.6.jar;E:\maven_data\org\springframework\spring-oxm\5.3.12\spring-oxm-5.3.12.jar;E:\maven_data\io\lettuce\lettuce-core\6.1.5.RELEASE\lettuce-core-6.1.5.RELEASE.jar;E:\maven_data\io\netty\netty-common\4.1.69.Final\netty-common-4.1.69.Final.jar;E:\maven_data\io\netty\netty-handler\4.1.69.Final\netty-handler-4.1.69.Final.jar;E:\maven_data\io\netty\netty-resolver\4.1.69.Final\netty-resolver-4.1.69.Final.jar;E:\maven_data\io\netty\netty-buffer\4.1.69.Final\netty-buffer-4.1.69.Final.jar;E:\maven_data\io\netty\netty-codec\4.1.69.Final\netty-codec-4.1.69.Final.jar;E:\maven_data\io\netty\netty-transport\4.1.69.Final\netty-transport-4.1.69.Final.jar;E:\maven_data\io\projectreactor\reactor-core\3.4.11\reactor-core-3.4.11.jar;E:\maven_data\org\reactivestreams\reactive-streams\1.0.3\reactive-streams-1.0.3.jar;E:\maven_data\redis\clients\jedis\3.6.3\jedis-3.6.3.jar;E:\maven_data\org\slf4j\slf4j-api\1.7.32\slf4j-api-1.7.32.jar;E:\maven_data\org\apache\commons\commons-pool2\2.9.0\commons-pool2-2.9.0.jar;E:\maven_data\io\jsonwebtoken\jjwt\0.9.1\jjwt-0.9.1.jar;E:\maven_data\com\fasterxml\jackson\core\jackson-databind\2.12.5\jackson-databind-2.12.5.jar;E:\maven_data\com\fasterxml\jackson\core\jackson-annotations\2.12.5\jackson-annotations-2.12.5.jar;E:\maven_data\com\fasterxml\jackson\core\jackson-core\2.12.5\jackson-core-2.12.5.jar;E:\maven_data\org\springframework\boot\spring-boot-starter-aop\2.5.6\spring-boot-starter-aop-2.5.6.jar;E:\maven_data\org\aspectj\aspectjweaver\1.9.7\aspectjweaver-1.9.7.jar;E:\maven_data\org\apache\commons\commons-lang3\3.12.0\commons-lang3-3.12.0.jar;E:\maven_data\org\springframework\boot\spring-boot-autoconfigure\2.5.6\spring-boot-autoconfigure-2.5.6.jar;E:\maven_data\org\springframework\boot\spring-boot\2.5.6\spring-boot-2.5.6.jar;E:\maven_data\com\belerweb\pinyin4j\2.5.1\pinyin4j-2.5.1.jar;E:\maven_data\com\alibaba\cloud\aliyun-oss-spring-boot-starter\1.0.0\aliyun-oss-spring-boot-starter-1.0.0.jar;E:\maven_data\com\alibaba\cloud\aliyun-context-spring-boot-starter\1.0.0\aliyun-context-spring-boot-starter-1.0.0.jar;E:\maven_data\com\alibaba\cloud\alicloud-context\1.0.5\alicloud-context-1.0.5.jar;E:\maven_data\com\aliyun\aliyun-java-sdk-edas\2.44.0\aliyun-java-sdk-edas-2.44.0.jar;E:\maven_data\com\google\code\gson\gson\2.8.8\gson-2.8.8.jar;E:\maven_data\com\aliyun\oss\aliyun-sdk-oss\3.1.0\aliyun-sdk-oss-3.1.0.jar;E:\maven_data\org\apache\httpcomponents\httpclient\4.5.13\httpclient-4.5.13.jar;E:\maven_data\org\apache\httpcomponents\httpcore\4.4.14\httpcore-4.4.14.jar;E:\maven_data\commons-codec\commons-codec\1.15\commons-codec-1.15.jar;E:\maven_data\org\jdom\jdom\1.1\jdom-1.1.jar;E:\maven_data\com\sun\jersey\jersey-json\1.9\jersey-json-1.9.jar;E:\maven_data\org\codehaus\jettison\jettison\1.1\jettison-1.1.jar;E:\maven_data\stax\stax-api\1.0.1\stax-api-1.0.1.jar;E:\maven_data\com\sun\xml\bind\jaxb-impl\2.2.3-1\jaxb-impl-2.2.3-1.jar;E:\maven_data\javax\xml\bind\jaxb-api\2.3.1\jaxb-api-2.3.1.jar;E:\maven_data\javax\activation\javax.activation-api\1.2.0\javax.activation-api-1.2.0.jar;E:\maven_data\org\codehaus\jackson\jackson-core-asl\1.8.3\jackson-core-asl-1.8.3.jar;E:\maven_data\org\codehaus\jackson\jackson-mapper-asl\1.8.3\jackson-mapper-asl-1.8.3.jar;E:\maven_data\org\codehaus\jackson\jackson-jaxrs\1.8.3\jackson-jaxrs-1.8.3.jar;E:\maven_data\org\codehaus\jackson\jackson-xc\1.8.3\jackson-xc-1.8.3.jar;E:\maven_data\com\sun\jersey\jersey-core\1.9\jersey-core-1.9.jar;E:\maven_data\com\aliyun\aliyun-java-sdk-core\3.4.0\aliyun-java-sdk-core-3.4.0.jar;E:\maven_data\org\json\json\20170516\json-20170516.jar;E:\maven_data\com\aliyun\aliyun-java-sdk-ram\3.0.0\aliyun-java-sdk-ram-3.0.0.jar;E:\maven_data\com\aliyun\aliyun-java-sdk-sts\3.0.0\aliyun-java-sdk-sts-3.0.0.jar;E:\maven_data\com\aliyun\aliyun-java-sdk-ecs\4.2.0\aliyun-java-sdk-ecs-4.2.0.jar;"/>
    <property name="java.vm.vendor" value="Oracle Corporation"/>
    <property name="sun.arch.data.model" value="64"/>
    <property name="user.variant" value=""/>
    <property name="java.vendor.url" value="http://java.oracle.com/"/>
    <property name="user.timezone" value="Asia/Shanghai"/>
    <property name="user.country.format" value="HK"/>
    <property name="java.vm.specification.version" value="1.8"/>
    <property name="os.name" value="Windows 10"/>
    <property name="user.country" value="CN"/>
    <property name="sun.java.launcher" value="SUN_STANDARD"/>
    <property name="sun.boot.library.path" value="E:\Java\jdk1.8.0_231\jre\bin"/>
    <property name="sun.java.command" value="C:\Users\Administrator\AppData\Local\Temp\surefire8791299911825732916\surefirebooter5931625800684797150.jar C:\Users\Administrator\AppData\Local\Temp\surefire8791299911825732916 2023-10-30T13-39-07_004-jvmRun1 surefire9030670229517019215tmp surefire_04949238334462348995tmp"/>
    <property name="surefire.test.class.path" value="C:\Users\Administrator\Desktop\chat\chat-user\target\test-classes;C:\Users\Administrator\Desktop\chat\chat-user\target\classes;E:\maven_data\org\mybatis\spring\boot\mybatis-spring-boot-starter\2.2.2\mybatis-spring-boot-starter-2.2.2.jar;E:\maven_data\org\springframework\boot\spring-boot-starter\2.5.6\spring-boot-starter-2.5.6.jar;E:\maven_data\org\springframework\boot\spring-boot-starter-logging\2.5.6\spring-boot-starter-logging-2.5.6.jar;E:\maven_data\ch\qos\logback\logback-classic\1.2.6\logback-classic-1.2.6.jar;E:\maven_data\ch\qos\logback\logback-core\1.2.6\logback-core-1.2.6.jar;E:\maven_data\org\apache\logging\log4j\log4j-to-slf4j\2.14.1\log4j-to-slf4j-2.14.1.jar;E:\maven_data\org\apache\logging\log4j\log4j-api\2.14.1\log4j-api-2.14.1.jar;E:\maven_data\org\slf4j\jul-to-slf4j\1.7.32\jul-to-slf4j-1.7.32.jar;E:\maven_data\jakarta\annotation\jakarta.annotation-api\1.3.5\jakarta.annotation-api-1.3.5.jar;E:\maven_data\org\yaml\snakeyaml\1.28\snakeyaml-1.28.jar;E:\maven_data\org\mybatis\spring\boot\mybatis-spring-boot-autoconfigure\2.2.2\mybatis-spring-boot-autoconfigure-2.2.2.jar;E:\maven_data\org\mybatis\mybatis\3.5.9\mybatis-3.5.9.jar;E:\maven_data\org\mybatis\mybatis-spring\2.0.7\mybatis-spring-2.0.7.jar;E:\maven_data\com\alibaba\druid\1.2.16\druid-1.2.16.jar;E:\maven_data\mysql\mysql-connector-java\8.0.27\mysql-connector-java-8.0.27.jar;E:\maven_data\org\mybatis\generator\mybatis-generator-core\1.4.2\mybatis-generator-core-1.4.2.jar;E:\maven_data\org\springframework\boot\spring-boot-starter-jdbc\2.5.6\spring-boot-starter-jdbc-2.5.6.jar;E:\maven_data\com\zaxxer\HikariCP\4.0.3\HikariCP-4.0.3.jar;E:\maven_data\org\springframework\spring-jdbc\5.3.12\spring-jdbc-5.3.12.jar;E:\maven_data\org\springframework\spring-tx\5.3.12\spring-tx-5.3.12.jar;E:\maven_data\org\springframework\boot\spring-boot-starter-web\2.5.6\spring-boot-starter-web-2.5.6.jar;E:\maven_data\org\springframework\boot\spring-boot-starter-json\2.5.6\spring-boot-starter-json-2.5.6.jar;E:\maven_data\com\fasterxml\jackson\datatype\jackson-datatype-jdk8\2.12.5\jackson-datatype-jdk8-2.12.5.jar;E:\maven_data\com\fasterxml\jackson\datatype\jackson-datatype-jsr310\2.12.5\jackson-datatype-jsr310-2.12.5.jar;E:\maven_data\com\fasterxml\jackson\module\jackson-module-parameter-names\2.12.5\jackson-module-parameter-names-2.12.5.jar;E:\maven_data\org\springframework\boot\spring-boot-starter-tomcat\2.5.6\spring-boot-starter-tomcat-2.5.6.jar;E:\maven_data\org\apache\tomcat\embed\tomcat-embed-core\9.0.54\tomcat-embed-core-9.0.54.jar;E:\maven_data\org\apache\tomcat\embed\tomcat-embed-el\9.0.54\tomcat-embed-el-9.0.54.jar;E:\maven_data\org\apache\tomcat\embed\tomcat-embed-websocket\9.0.54\tomcat-embed-websocket-9.0.54.jar;E:\maven_data\org\springframework\spring-web\5.3.12\spring-web-5.3.12.jar;E:\maven_data\org\springframework\spring-webmvc\5.3.12\spring-webmvc-5.3.12.jar;E:\maven_data\org\projectlombok\lombok\1.18.26\lombok-1.18.26.jar;E:\maven_data\org\springframework\boot\spring-boot-starter-test\2.5.6\spring-boot-starter-test-2.5.6.jar;E:\maven_data\org\springframework\boot\spring-boot-test\2.5.6\spring-boot-test-2.5.6.jar;E:\maven_data\org\springframework\boot\spring-boot-test-autoconfigure\2.5.6\spring-boot-test-autoconfigure-2.5.6.jar;E:\maven_data\com\jayway\jsonpath\json-path\2.5.0\json-path-2.5.0.jar;E:\maven_data\net\minidev\json-smart\2.4.7\json-smart-2.4.7.jar;E:\maven_data\net\minidev\accessors-smart\2.4.7\accessors-smart-2.4.7.jar;E:\maven_data\org\ow2\asm\asm\9.1\asm-9.1.jar;E:\maven_data\jakarta\xml\bind\jakarta.xml.bind-api\2.3.3\jakarta.xml.bind-api-2.3.3.jar;E:\maven_data\jakarta\activation\jakarta.activation-api\1.2.2\jakarta.activation-api-1.2.2.jar;E:\maven_data\org\assertj\assertj-core\3.19.0\assertj-core-3.19.0.jar;E:\maven_data\org\hamcrest\hamcrest\2.2\hamcrest-2.2.jar;E:\maven_data\org\junit\jupiter\junit-jupiter\5.7.2\junit-jupiter-5.7.2.jar;E:\maven_data\org\junit\jupiter\junit-jupiter-api\5.7.2\junit-jupiter-api-5.7.2.jar;E:\maven_data\org\apiguardian\apiguardian-api\1.1.0\apiguardian-api-1.1.0.jar;E:\maven_data\org\opentest4j\opentest4j\1.2.0\opentest4j-1.2.0.jar;E:\maven_data\org\junit\platform\junit-platform-commons\1.7.2\junit-platform-commons-1.7.2.jar;E:\maven_data\org\junit\jupiter\junit-jupiter-params\5.7.2\junit-jupiter-params-5.7.2.jar;E:\maven_data\org\junit\jupiter\junit-jupiter-engine\5.7.2\junit-jupiter-engine-5.7.2.jar;E:\maven_data\org\junit\platform\junit-platform-engine\1.7.2\junit-platform-engine-1.7.2.jar;E:\maven_data\org\mockito\mockito-core\3.9.0\mockito-core-3.9.0.jar;E:\maven_data\net\bytebuddy\byte-buddy\1.10.22\byte-buddy-1.10.22.jar;E:\maven_data\net\bytebuddy\byte-buddy-agent\1.10.22\byte-buddy-agent-1.10.22.jar;E:\maven_data\org\objenesis\objenesis\3.2\objenesis-3.2.jar;E:\maven_data\org\mockito\mockito-junit-jupiter\3.9.0\mockito-junit-jupiter-3.9.0.jar;E:\maven_data\org\skyscreamer\jsonassert\1.5.0\jsonassert-1.5.0.jar;E:\maven_data\com\vaadin\external\google\android-json\0.0.20131108.vaadin1\android-json-0.0.20131108.vaadin1.jar;E:\maven_data\org\springframework\spring-core\5.3.12\spring-core-5.3.12.jar;E:\maven_data\org\springframework\spring-jcl\5.3.12\spring-jcl-5.3.12.jar;E:\maven_data\org\springframework\spring-test\5.3.12\spring-test-5.3.12.jar;E:\maven_data\org\xmlunit\xmlunit-core\2.8.3\xmlunit-core-2.8.3.jar;E:\maven_data\com\baomidou\mybatis-plus-boot-starter\3.5.3.1\mybatis-plus-boot-starter-3.5.3.1.jar;E:\maven_data\com\baomidou\mybatis-plus\3.5.3.1\mybatis-plus-3.5.3.1.jar;E:\maven_data\com\baomidou\mybatis-plus-extension\3.5.3.1\mybatis-plus-extension-3.5.3.1.jar;E:\maven_data\com\baomidou\mybatis-plus-core\3.5.3.1\mybatis-plus-core-3.5.3.1.jar;E:\maven_data\com\baomidou\mybatis-plus-annotation\3.5.3.1\mybatis-plus-annotation-3.5.3.1.jar;E:\maven_data\com\github\jsqlparser\jsqlparser\4.4\jsqlparser-4.4.jar;E:\maven_data\io\swagger\swagger-annotations\1.6.8\swagger-annotations-1.6.8.jar;E:\maven_data\javax\validation\validation-api\2.0.1.Final\validation-api-2.0.1.Final.jar;E:\maven_data\com\alibaba\fastjson\2.0.32\fastjson-2.0.32.jar;E:\maven_data\com\alibaba\fastjson2\fastjson2-extension\2.0.32\fastjson2-extension-2.0.32.jar;E:\maven_data\com\alibaba\fastjson2\fastjson2\2.0.32\fastjson2-2.0.32.jar;E:\maven_data\org\springframework\security\spring-security-core\5.5.3\spring-security-core-5.5.3.jar;E:\maven_data\org\springframework\security\spring-security-crypto\5.5.3\spring-security-crypto-5.5.3.jar;E:\maven_data\org\springframework\spring-aop\5.3.12\spring-aop-5.3.12.jar;E:\maven_data\org\springframework\spring-beans\5.3.12\spring-beans-5.3.12.jar;E:\maven_data\org\springframework\spring-context\5.3.12\spring-context-5.3.12.jar;E:\maven_data\org\springframework\spring-expression\5.3.12\spring-expression-5.3.12.jar;E:\maven_data\org\springframework\boot\spring-boot-starter-mail\2.5.6\spring-boot-starter-mail-2.5.6.jar;E:\maven_data\org\springframework\spring-context-support\5.3.12\spring-context-support-5.3.12.jar;E:\maven_data\com\sun\mail\jakarta.mail\1.6.7\jakarta.mail-1.6.7.jar;E:\maven_data\com\sun\activation\jakarta.activation\1.2.2\jakarta.activation-1.2.2.jar;E:\maven_data\org\springframework\boot\spring-boot-starter-data-redis\2.5.6\spring-boot-starter-data-redis-2.5.6.jar;E:\maven_data\org\springframework\data\spring-data-redis\2.5.6\spring-data-redis-2.5.6.jar;E:\maven_data\org\springframework\data\spring-data-keyvalue\2.5.6\spring-data-keyvalue-2.5.6.jar;E:\maven_data\org\springframework\data\spring-data-commons\2.5.6\spring-data-commons-2.5.6.jar;E:\maven_data\org\springframework\spring-oxm\5.3.12\spring-oxm-5.3.12.jar;E:\maven_data\io\lettuce\lettuce-core\6.1.5.RELEASE\lettuce-core-6.1.5.RELEASE.jar;E:\maven_data\io\netty\netty-common\4.1.69.Final\netty-common-4.1.69.Final.jar;E:\maven_data\io\netty\netty-handler\4.1.69.Final\netty-handler-4.1.69.Final.jar;E:\maven_data\io\netty\netty-resolver\4.1.69.Final\netty-resolver-4.1.69.Final.jar;E:\maven_data\io\netty\netty-buffer\4.1.69.Final\netty-buffer-4.1.69.Final.jar;E:\maven_data\io\netty\netty-codec\4.1.69.Final\netty-codec-4.1.69.Final.jar;E:\maven_data\io\netty\netty-transport\4.1.69.Final\netty-transport-4.1.69.Final.jar;E:\maven_data\io\projectreactor\reactor-core\3.4.11\reactor-core-3.4.11.jar;E:\maven_data\org\reactivestreams\reactive-streams\1.0.3\reactive-streams-1.0.3.jar;E:\maven_data\redis\clients\jedis\3.6.3\jedis-3.6.3.jar;E:\maven_data\org\slf4j\slf4j-api\1.7.32\slf4j-api-1.7.32.jar;E:\maven_data\org\apache\commons\commons-pool2\2.9.0\commons-pool2-2.9.0.jar;E:\maven_data\io\jsonwebtoken\jjwt\0.9.1\jjwt-0.9.1.jar;E:\maven_data\com\fasterxml\jackson\core\jackson-databind\2.12.5\jackson-databind-2.12.5.jar;E:\maven_data\com\fasterxml\jackson\core\jackson-annotations\2.12.5\jackson-annotations-2.12.5.jar;E:\maven_data\com\fasterxml\jackson\core\jackson-core\2.12.5\jackson-core-2.12.5.jar;E:\maven_data\org\springframework\boot\spring-boot-starter-aop\2.5.6\spring-boot-starter-aop-2.5.6.jar;E:\maven_data\org\aspectj\aspectjweaver\1.9.7\aspectjweaver-1.9.7.jar;E:\maven_data\org\apache\commons\commons-lang3\3.12.0\commons-lang3-3.12.0.jar;E:\maven_data\org\springframework\boot\spring-boot-autoconfigure\2.5.6\spring-boot-autoconfigure-2.5.6.jar;E:\maven_data\org\springframework\boot\spring-boot\2.5.6\spring-boot-2.5.6.jar;E:\maven_data\com\belerweb\pinyin4j\2.5.1\pinyin4j-2.5.1.jar;E:\maven_data\com\alibaba\cloud\aliyun-oss-spring-boot-starter\1.0.0\aliyun-oss-spring-boot-starter-1.0.0.jar;E:\maven_data\com\alibaba\cloud\aliyun-context-spring-boot-starter\1.0.0\aliyun-context-spring-boot-starter-1.0.0.jar;E:\maven_data\com\alibaba\cloud\alicloud-context\1.0.5\alicloud-context-1.0.5.jar;E:\maven_data\com\aliyun\aliyun-java-sdk-edas\2.44.0\aliyun-java-sdk-edas-2.44.0.jar;E:\maven_data\com\google\code\gson\gson\2.8.8\gson-2.8.8.jar;E:\maven_data\com\aliyun\oss\aliyun-sdk-oss\3.1.0\aliyun-sdk-oss-3.1.0.jar;E:\maven_data\org\apache\httpcomponents\httpclient\4.5.13\httpclient-4.5.13.jar;E:\maven_data\org\apache\httpcomponents\httpcore\4.4.14\httpcore-4.4.14.jar;E:\maven_data\commons-codec\commons-codec\1.15\commons-codec-1.15.jar;E:\maven_data\org\jdom\jdom\1.1\jdom-1.1.jar;E:\maven_data\com\sun\jersey\jersey-json\1.9\jersey-json-1.9.jar;E:\maven_data\org\codehaus\jettison\jettison\1.1\jettison-1.1.jar;E:\maven_data\stax\stax-api\1.0.1\stax-api-1.0.1.jar;E:\maven_data\com\sun\xml\bind\jaxb-impl\2.2.3-1\jaxb-impl-2.2.3-1.jar;E:\maven_data\javax\xml\bind\jaxb-api\2.3.1\jaxb-api-2.3.1.jar;E:\maven_data\javax\activation\javax.activation-api\1.2.0\javax.activation-api-1.2.0.jar;E:\maven_data\org\codehaus\jackson\jackson-core-asl\1.8.3\jackson-core-asl-1.8.3.jar;E:\maven_data\org\codehaus\jackson\jackson-mapper-asl\1.8.3\jackson-mapper-asl-1.8.3.jar;E:\maven_data\org\codehaus\jackson\jackson-jaxrs\1.8.3\jackson-jaxrs-1.8.3.jar;E:\maven_data\org\codehaus\jackson\jackson-xc\1.8.3\jackson-xc-1.8.3.jar;E:\maven_data\com\sun\jersey\jersey-core\1.9\jersey-core-1.9.jar;E:\maven_data\com\aliyun\aliyun-java-sdk-core\3.4.0\aliyun-java-sdk-core-3.4.0.jar;E:\maven_data\org\json\json\20170516\json-20170516.jar;E:\maven_data\com\aliyun\aliyun-java-sdk-ram\3.0.0\aliyun-java-sdk-ram-3.0.0.jar;E:\maven_data\com\aliyun\aliyun-java-sdk-sts\3.0.0\aliyun-java-sdk-sts-3.0.0.jar;E:\maven_data\com\aliyun\aliyun-java-sdk-ecs\4.2.0\aliyun-java-sdk-ecs-4.2.0.jar;"/>
    <property name="sun.cpu.endian" value="little"/>
    <property name="user.home" value="C:\Users\Administrator"/>
    <property name="user.language" value="zh"/>
    <property name="java.specification.vendor" value="Oracle Corporation"/>
    <property name="java.home" value="E:\Java\jdk1.8.0_231\jre"/>
    <property name="basedir" value="C:\Users\Administrator\Desktop\chat\chat-user"/>
    <property name="file.separator" value="\"/>
    <property name="line.separator" value="&#10;"/>
    <property name="java.vm.specification.vendor" value="Oracle Corporation"/>
    <property name="java.specification.name" value="Java Platform API Specification"/>
    <property name="java.awt.graphicsenv" value="sun.awt.Win32GraphicsEnvironment"/>
    <property name="surefire.real.class.path" value="C:\Users\Administrator\AppData\Local\Temp\surefire8791299911825732916\surefirebooter5931625800684797150.jar"/>
    <property name="sun.boot.class.path" value="E:\Java\jdk1.8.0_231\jre\lib\resources.jar;E:\Java\jdk1.8.0_231\jre\lib\rt.jar;E:\Java\jdk1.8.0_231\jre\lib\sunrsasign.jar;E:\Java\jdk1.8.0_231\jre\lib\jsse.jar;E:\Java\jdk1.8.0_231\jre\lib\jce.jar;E:\Java\jdk1.8.0_231\jre\lib\charsets.jar;E:\Java\jdk1.8.0_231\jre\lib\jfr.jar;E:\Java\jdk1.8.0_231\jre\classes"/>
    <property name="user.script" value=""/>
    <property name="user.script.format" value="Hans"/>
    <property name="sun.management.compiler" value="HotSpot 64-Bit Tiered Compilers"/>
    <property name="java.runtime.version" value="1.8.0_231-b11"/>
    <property name="user.name" value="Administrator"/>
    <property name="path.separator" value=";"/>
    <property name="os.version" value="10.0"/>
    <property name="java.endorsed.dirs" value="E:\Java\jdk1.8.0_231\jre\lib\endorsed"/>
    <property name="java.runtime.name" value="Java(TM) SE Runtime Environment"/>
    <property name="file.encoding" value="GBK"/>
    <property name="java.vm.name" value="Java HotSpot(TM) 64-Bit Server VM"/>
    <property name="localRepository" value="E:\maven_data"/>
    <property name="java.vendor.url.bug" value="http://bugreport.sun.com/bugreport/"/>
    <property name="java.io.tmpdir" value="C:\Users\Administrator\AppData\Local\Temp\"/>
    <property name="idea.version" value="2022.2.5"/>
    <property name="java.version" value="1.8.0_231"/>
    <property name="user.dir" value="C:\Users\Administrator\Desktop\chat\chat-user"/>
    <property name="os.arch" value="amd64"/>
    <property name="java.vm.specification.name" value="Java Virtual Machine Specification"/>
    <property name="java.awt.printerjob" value="sun.awt.windows.WPrinterJob"/>
    <property name="sun.os.patch.level" value=""/>
    <property name="java.library.path" value="E:\Java\jdk1.8.0_231\jre\bin;C:\windows\Sun\Java\bin;C:\windows\system32;C:\windows;C:\Program Files\PlasticSCM5\server;C:\Program Files\PlasticSCM5\client;C:\windows\system32;C:\windows;C:\windows\System32\Wbem;C:\windows\System32\WindowsPowerShell\v1.0\;C:\windows\System32\OpenSSH\;E:\nodejs\;E:\nodejs\node_global;E:\Java\jdk1.8.0_231\bin\;E:\Java\jdk1.8.0_231\jre\bin\;C:\Users\Administrator\AppData\Local\Programs\Python\Python39\Scripts\;E:\mysql\mysql-8.0.25-winx64;E:\mysql\mysql-8.0.25-winx64\bin;C:\Program Files\Git\cmd;C:\Program Files\dotnet\;C:\Users\Administrator\AppData\Local\Programs\Python\Python39\Scripts\;C:\Users\Administrator\AppData\Local\Programs\Python\Python39\;C:\Users\Administrator\AppData\Local\Microsoft\WindowsApps;;E:\IntelliJ IDEA 2022.2.5\bin;;C:\Users\Administrator\AppData\Roaming\npm;E:\PyCharm 2021.1.3\bin;;."/>
    <property name="java.vm.info" value="mixed mode"/>
    <property name="java.vendor" value="Oracle Corporation"/>
    <property name="java.vm.version" value="25.231-b11"/>
    <property name="java.ext.dirs" value="E:\Java\jdk1.8.0_231\jre\lib\ext;C:\windows\Sun\Java\lib\ext"/>
    <property name="sun.io.unicode.encoding" value="UnicodeLittle"/>
    <property name="maven.repo.local" value="E:\maven_data"/>
    <property name="java.class.version" value="52.0"/>
  </properties>
  <testcase name="contextLoads" classname="com.example.chatuser.ChatUserApplicationTests" time="0.001">
    <error message="Failed to load ApplicationContext" type="java.lang.IllegalStateException">java.lang.IllegalStateException: Failed to load ApplicationContext
Caused by: org.springframework.beans.factory.BeanCreationException: Error creating bean with name 'aliCloudEdasSdk' defined in class path resource [com/alibaba/cloud/spring/boot/context/autoconfigure/EdasContextAutoConfiguration.class]: Bean instantiation via factory method failed; nested exception is org.springframework.beans.BeanInstantiationException: Failed to instantiate [com.alibaba.cloud.context.edas.AliCloudEdasSdk]: Factory method 'aliCloudEdasSdk' threw exception; nested exception is java.lang.NoSuchMethodError: com.aliyuncs.profile.DefaultProfile.getHttpClientConfig()Lcom/aliyuncs/http/HttpClientConfig;
Caused by: org.springframework.beans.BeanInstantiationException: Failed to instantiate [com.alibaba.cloud.context.edas.AliCloudEdasSdk]: Factory method 'aliCloudEdasSdk' threw exception; nested exception is java.lang.NoSuchMethodError: com.aliyuncs.profile.DefaultProfile.getHttpClientConfig()Lcom/aliyuncs/http/HttpClientConfig;
Caused by: java.lang.NoSuchMethodError: com.aliyuncs.profile.DefaultProfile.getHttpClientConfig()Lcom/aliyuncs/http/HttpClientConfig;
</error>
    <system-out><![CDATA[13:39:08.663 [main] DEBUG org.springframework.test.context.BootstrapUtils - Instantiating CacheAwareContextLoaderDelegate from class [org.springframework.test.context.cache.DefaultCacheAwareContextLoaderDelegate]
13:39:08.685 [main] DEBUG org.springframework.test.context.BootstrapUtils - Instantiating BootstrapContext using constructor [public org.springframework.test.context.support.DefaultBootstrapContext(java.lang.Class,org.springframework.test.context.CacheAwareContextLoaderDelegate)]
13:39:08.743 [main] DEBUG org.springframework.test.context.BootstrapUtils - Instantiating TestContextBootstrapper for test class [com.example.chatuser.ChatUserApplicationTests] from class [org.springframework.boot.test.context.SpringBootTestContextBootstrapper]
13:39:08.760 [main] INFO org.springframework.boot.test.context.SpringBootTestContextBootstrapper - Neither @ContextConfiguration nor @ContextHierarchy found for test class [com.example.chatuser.ChatUserApplicationTests], using SpringBootContextLoader
13:39:08.769 [main] DEBUG org.springframework.test.context.support.AbstractContextLoader - Did not detect default resource location for test class [com.example.chatuser.ChatUserApplicationTests]: class path resource [com/example/chatuser/ChatUserApplicationTests-context.xml] does not exist
13:39:08.770 [main] DEBUG org.springframework.test.context.support.AbstractContextLoader - Did not detect default resource location for test class [com.example.chatuser.ChatUserApplicationTests]: class path resource [com/example/chatuser/ChatUserApplicationTestsContext.groovy] does not exist
13:39:08.771 [main] INFO org.springframework.test.context.support.AbstractContextLoader - Could not detect default resource locations for test class [com.example.chatuser.ChatUserApplicationTests]: no resource found for suffixes {-context.xml, Context.groovy}.
13:39:08.773 [main] INFO org.springframework.test.context.support.AnnotationConfigContextLoaderUtils - Could not detect default configuration classes for test class [com.example.chatuser.ChatUserApplicationTests]: ChatUserApplicationTests does not declare any static, non-private, non-final, nested classes annotated with @Configuration.
13:39:08.887 [main] DEBUG org.springframework.test.context.support.ActiveProfilesUtils - Could not find an 'annotation declaring class' for annotation type [org.springframework.test.context.ActiveProfiles] and class [com.example.chatuser.ChatUserApplicationTests]
13:39:09.012 [main] DEBUG org.springframework.context.annotation.ClassPathScanningCandidateComponentProvider - Identified candidate component class: file [C:\Users\Administrator\Desktop\chat\chat-user\target\classes\com\example\chatuser\ChatUserApplication.class]
13:39:09.014 [main] INFO org.springframework.boot.test.context.SpringBootTestContextBootstrapper - Found @SpringBootConfiguration com.example.chatuser.ChatUserApplication for test class com.example.chatuser.ChatUserApplicationTests
13:39:09.189 [main] DEBUG org.springframework.boot.test.context.SpringBootTestContextBootstrapper - @TestExecutionListeners is not present for class [com.example.chatuser.ChatUserApplicationTests]: using defaults.
13:39:09.190 [main] INFO org.springframework.boot.test.context.SpringBootTestContextBootstrapper - Loaded default TestExecutionListener class names from location [META-INF/spring.factories]: [org.springframework.boot.test.mock.mockito.MockitoTestExecutionListener, org.springframework.boot.test.mock.mockito.ResetMocksTestExecutionListener, org.springframework.boot.test.autoconfigure.restdocs.RestDocsTestExecutionListener, org.springframework.boot.test.autoconfigure.web.client.MockRestServiceServerResetTestExecutionListener, org.springframework.boot.test.autoconfigure.web.servlet.MockMvcPrintOnlyOnFailureTestExecutionListener, org.springframework.boot.test.autoconfigure.web.servlet.WebDriverTestExecutionListener, org.springframework.boot.test.autoconfigure.webservices.client.MockWebServiceServerTestExecutionListener, org.springframework.test.context.web.ServletTestExecutionListener, org.springframework.test.context.support.DirtiesContextBeforeModesTestExecutionListener, org.springframework.test.context.event.ApplicationEventsTestExecutionListener, org.springframework.test.context.support.DependencyInjectionTestExecutionListener, org.springframework.test.context.support.DirtiesContextTestExecutionListener, org.springframework.test.context.transaction.TransactionalTestExecutionListener, org.springframework.test.context.jdbc.SqlScriptsTestExecutionListener, org.springframework.test.context.event.EventPublishingTestExecutionListener]
13:39:09.215 [main] INFO org.springframework.boot.test.context.SpringBootTestContextBootstrapper - Using TestExecutionListeners: [org.springframework.test.context.web.ServletTestExecutionListener@533bda92, org.springframework.test.context.support.DirtiesContextBeforeModesTestExecutionListener@304bb45b, org.springframework.test.context.event.ApplicationEventsTestExecutionListener@723ca036, org.springframework.boot.test.mock.mockito.MockitoTestExecutionListener@25be7b63, org.springframework.boot.test.autoconfigure.SpringBootDependencyInjectionTestExecutionListener@28dcca0c, org.springframework.test.context.support.DirtiesContextTestExecutionListener@45d84a20, org.springframework.test.context.transaction.TransactionalTestExecutionListener@52f27fbd, org.springframework.test.context.jdbc.SqlScriptsTestExecutionListener@4c163e3, org.springframework.test.context.event.EventPublishingTestExecutionListener@4a8355dd, org.springframework.boot.test.mock.mockito.ResetMocksTestExecutionListener@4d0d9fe7, org.springframework.boot.test.autoconfigure.restdocs.RestDocsTestExecutionListener@c430e6c, org.springframework.boot.test.autoconfigure.web.client.MockRestServiceServerResetTestExecutionListener@312aa7c, org.springframework.boot.test.autoconfigure.web.servlet.MockMvcPrintOnlyOnFailureTestExecutionListener@536f2a7e, org.springframework.boot.test.autoconfigure.web.servlet.WebDriverTestExecutionListener@72bc6553, org.springframework.boot.test.autoconfigure.webservices.client.MockWebServiceServerTestExecutionListener@66982506]
13:39:09.222 [main] DEBUG org.springframework.test.context.support.AbstractDirtiesContextTestExecutionListener - Before test class: context [DefaultTestContext@4201c465 testClass = ChatUserApplicationTests, testInstance = [null], testMethod = [null], testException = [null], mergedContextConfiguration = [WebMergedContextConfiguration@5b799640 testClass = ChatUserApplicationTests, locations = '{}', classes = '{class com.example.chatuser.ChatUserApplication}', contextInitializerClasses = '[]', activeProfiles = '{}', propertySourceLocations = '{}', propertySourceProperties = '{org.springframework.boot.test.context.SpringBootTestContextBootstrapper=true}', contextCustomizers = set[org.springframework.boot.test.context.filter.ExcludeFilterContextCustomizer@158d2680, org.springframework.boot.test.json.DuplicateJsonObjectContextCustomizerFactory$DuplicateJsonObjectContextCustomizer@57a3af25, org.springframework.boot.test.mock.mockito.MockitoContextCustomizer@0, org.springframework.boot.test.web.client.TestRestTemplateContextCustomizer@6aeb35e6, org.springframework.boot.test.autoconfigure.actuate.metrics.MetricsExportContextCustomizerFactory$DisableMetricExportContextCustomizer@38d8f54a, org.springframework.boot.test.autoconfigure.properties.PropertyMappingContextCustomizer@0, org.springframework.boot.test.autoconfigure.web.servlet.WebDriverContextCustomizerFactory$Customizer@7b2bbc3, org.springframework.boot.test.context.SpringBootTestArgs@1, org.springframework.boot.test.context.SpringBootTestWebEnvironment@e45f292], resourceBasePath = 'src/main/webapp', contextLoader = 'org.springframework.boot.test.context.SpringBootContextLoader', parent = [null]], attributes = map['org.springframework.test.context.web.ServletTestExecutionListener.activateListener' -> true]], class annotated with @DirtiesContext [false] with mode [null].
13:39:09.318 [main] DEBUG org.springframework.test.context.support.TestPropertySourceUtils - Adding inlined properties to environment: {spring.jmx.enabled=false, org.springframework.boot.test.context.SpringBootTestContextBootstrapper=true}

  .   ____          _            __ _ _
 /\\ / ___'_ __ _ _(_)_ __  __ _ \ \ \ \
( ( )\___ | '_ | '_| | '_ \/ _` | \ \ \ \
 \\/  ___)| |_)| | | | | || (_| |  ) ) ) )
  '  |____| .__|_| |_|_| |_\__, | / / / /
 =========|_|==============|___/=/_/_/_/
 :: Spring Boot ::                (v2.5.6)

2023-10-30 13:39:09.955  WARN 31604 --- [           main] ory$DuplicateJsonObjectContextCustomizer : 

Found multiple occurrences of org.json.JSONObject on the class path:

	jar:file:/E:/maven_data/com/vaadin/external/google/android-json/0.0.20131108.vaadin1/android-json-0.0.20131108.vaadin1.jar!/org/json/JSONObject.class
	jar:file:/E:/maven_data/org/json/json/20170516/json-20170516.jar!/org/json/JSONObject.class

You may wish to exclude one of them to ensure predictable runtime behavior

2023-10-30 13:39:09.988  INFO 31604 --- [           main] c.e.chatuser.ChatUserApplicationTests    : Starting ChatUserApplicationTests using Java 1.8.0_231 on MS-ZKLXRJTOUWQP with PID 31604 (started by Administrator in C:\Users\Administrator\Desktop\chat\chat-user)
2023-10-30 13:39:09.993  INFO 31604 --- [           main] c.e.chatuser.ChatUserApplicationTests    : No active profile set, falling back to default profiles: default
2023-10-30 13:39:11.489  INFO 31604 --- [           main] .s.d.r.c.RepositoryConfigurationDelegate : Multiple Spring Data modules found, entering strict repository configuration mode!
2023-10-30 13:39:11.493  INFO 31604 --- [           main] .s.d.r.c.RepositoryConfigurationDelegate : Bootstrapping Spring Data Redis repositories in DEFAULT mode.
2023-10-30 13:39:11.548  INFO 31604 --- [           main] .s.d.r.c.RepositoryConfigurationDelegate : Finished Spring Data repository scanning in 33 ms. Found 0 Redis repository interfaces.
Logging initialized using 'class org.apache.ibatis.logging.stdout.StdOutImpl' adapter.
Registered plugin: 'com.baomidou.mybatisplus.extension.plugins.MybatisPlusInterceptor@58d6e55a'
Property 'mapperLocations' was not specified.
 _ _   |_  _ _|_. ___ _ |    _ 
| | |\/|_)(_| | |_\  |_)||_|_\ 
     /               |         
                        3.5.3.1 
2023-10-30 13:39:18.189  WARN 31604 --- [           main] o.s.w.c.s.GenericWebApplicationContext   : Exception encountered during context initialization - cancelling refresh attempt: org.springframework.beans.factory.BeanCreationException: Error creating bean with name 'aliCloudEdasSdk' defined in class path resource [com/alibaba/cloud/spring/boot/context/autoconfigure/EdasContextAutoConfiguration.class]: Bean instantiation via factory method failed; nested exception is org.springframework.beans.BeanInstantiationException: Failed to instantiate [com.alibaba.cloud.context.edas.AliCloudEdasSdk]: Factory method 'aliCloudEdasSdk' threw exception; nested exception is java.lang.NoSuchMethodError: com.aliyuncs.profile.DefaultProfile.getHttpClientConfig()Lcom/aliyuncs/http/HttpClientConfig;
2023-10-30 13:39:18.191  INFO 31604 --- [           main] com.alibaba.druid.pool.DruidDataSource   : {dataSource-0} closing ...
2023-10-30 13:39:18.208  INFO 31604 --- [           main] ConditionEvaluationReportLoggingListener : 

Error starting ApplicationContext. To display the conditions report re-run your application with 'debug' enabled.
2023-10-30 13:39:18.247 ERROR 31604 --- [           main] o.s.b.d.LoggingFailureAnalysisReporter   : 

***************************
APPLICATION FAILED TO START
***************************

Description:

An attempt was made to call a method that does not exist. The attempt was made from the following location:

    com.alibaba.cloud.context.AliCloudSdk.<init>(AliCloudSdk.java:76)

The following method did not exist:

    com.aliyuncs.profile.DefaultProfile.getHttpClientConfig()Lcom/aliyuncs/http/HttpClientConfig;

The method's class, com.aliyuncs.profile.DefaultProfile, is available from the following locations:

    jar:file:/E:/maven_data/com/aliyun/aliyun-java-sdk-core/3.4.0/aliyun-java-sdk-core-3.4.0.jar!/com/aliyuncs/profile/DefaultProfile.class

The class hierarchy was loaded from the following locations:

    com.aliyuncs.profile.DefaultProfile: file:/E:/maven_data/com/aliyun/aliyun-java-sdk-core/3.4.0/aliyun-java-sdk-core-3.4.0.jar


Action:

Correct the classpath of your application so that it contains a single, compatible version of com.aliyuncs.profile.DefaultProfile

2023-10-30 13:39:18.257 ERROR 31604 --- [           main] o.s.test.context.TestContextManager      : Caught exception while allowing TestExecutionListener [org.springframework.test.context.web.ServletTestExecutionListener@533bda92] to prepare test instance [com.example.chatuser.ChatUserApplicationTests@11c88cca]

java.lang.IllegalStateException: Failed to load ApplicationContext
	at org.springframework.test.context.cache.DefaultCacheAwareContextLoaderDelegate.loadContext(DefaultCacheAwareContextLoaderDelegate.java:132) ~[spring-test-5.3.12.jar:5.3.12]
	at org.springframework.test.context.support.DefaultTestContext.getApplicationContext(DefaultTestContext.java:124) ~[spring-test-5.3.12.jar:5.3.12]
	at org.springframework.test.context.web.ServletTestExecutionListener.setUpRequestContextIfNecessary(ServletTestExecutionListener.java:190) ~[spring-test-5.3.12.jar:5.3.12]
	at org.springframework.test.context.web.ServletTestExecutionListener.prepareTestInstance(ServletTestExecutionListener.java:132) ~[spring-test-5.3.12.jar:5.3.12]
	at org.springframework.test.context.TestContextManager.prepareTestInstance(TestContextManager.java:248) ~[spring-test-5.3.12.jar:5.3.12]
	at org.springframework.test.context.junit.jupiter.SpringExtension.postProcessTestInstance(SpringExtension.java:138) [spring-test-5.3.12.jar:5.3.12]
	at org.junit.jupiter.engine.descriptor.ClassBasedTestDescriptor.lambda$invokeTestInstancePostProcessors$6(ClassBasedTestDescriptor.java:350) [junit-jupiter-engine-5.7.2.jar:5.7.2]
	at org.junit.jupiter.engine.descriptor.ClassBasedTestDescriptor.executeAndMaskThrowable(ClassBasedTestDescriptor.java:355) [junit-jupiter-engine-5.7.2.jar:5.7.2]
	at org.junit.jupiter.engine.descriptor.ClassBasedTestDescriptor.lambda$invokeTestInstancePostProcessors$7(ClassBasedTestDescriptor.java:350) [junit-jupiter-engine-5.7.2.jar:5.7.2]
	at java.util.stream.ReferencePipeline$3$1.accept(ReferencePipeline.java:193) ~[na:1.8.0_231]
	at java.util.stream.ReferencePipeline$2$1.accept(ReferencePipeline.java:175) ~[na:1.8.0_231]
	at java.util.ArrayList$ArrayListSpliterator.forEachRemaining(ArrayList.java:1382) ~[na:1.8.0_231]
	at java.util.stream.AbstractPipeline.copyInto(AbstractPipeline.java:482) ~[na:1.8.0_231]
	at java.util.stream.AbstractPipeline.wrapAndCopyInto(AbstractPipeline.java:472) ~[na:1.8.0_231]
	at java.util.stream.StreamSpliterators$WrappingSpliterator.forEachRemaining(StreamSpliterators.java:312) ~[na:1.8.0_231]
	at java.util.stream.Streams$ConcatSpliterator.forEachRemaining(Streams.java:743) ~[na:1.8.0_231]
	at java.util.stream.Streams$ConcatSpliterator.forEachRemaining(Streams.java:742) ~[na:1.8.0_231]
	at java.util.stream.ReferencePipeline$Head.forEach(ReferencePipeline.java:580) ~[na:1.8.0_231]
	at org.junit.jupiter.engine.descriptor.ClassBasedTestDescriptor.invokeTestInstancePostProcessors(ClassBasedTestDescriptor.java:349) [junit-jupiter-engine-5.7.2.jar:5.7.2]
	at org.junit.jupiter.engine.descriptor.ClassBasedTestDescriptor.lambda$instantiateAndPostProcessTestInstance$4(ClassBasedTestDescriptor.java:270) [junit-jupiter-engine-5.7.2.jar:5.7.2]
	at org.junit.platform.engine.support.hierarchical.ThrowableCollector.execute(ThrowableCollector.java:73) ~[junit-platform-engine-1.7.2.jar:1.7.2]
	at org.junit.jupiter.engine.descriptor.ClassBasedTestDescriptor.instantiateAndPostProcessTestInstance(ClassBasedTestDescriptor.java:269) [junit-jupiter-engine-5.7.2.jar:5.7.2]
	at org.junit.jupiter.engine.descriptor.ClassBasedTestDescriptor.lambda$testInstancesProvider$2(ClassBasedTestDescriptor.java:259) [junit-jupiter-engine-5.7.2.jar:5.7.2]
	at java.util.Optional.orElseGet(Optional.java:267) ~[na:1.8.0_231]
	at org.junit.jupiter.engine.descriptor.ClassBasedTestDescriptor.lambda$testInstancesProvider$3(ClassBasedTestDescriptor.java:258) [junit-jupiter-engine-5.7.2.jar:5.7.2]
	at org.junit.jupiter.engine.execution.TestInstancesProvider.getTestInstances(TestInstancesProvider.java:31) ~[junit-jupiter-engine-5.7.2.jar:5.7.2]
	at org.junit.jupiter.engine.descriptor.TestMethodTestDescriptor.lambda$prepare$0(TestMethodTestDescriptor.java:101) ~[junit-jupiter-engine-5.7.2.jar:5.7.2]
	at org.junit.platform.engine.support.hierarchical.ThrowableCollector.execute(ThrowableCollector.java:73) ~[junit-platform-engine-1.7.2.jar:1.7.2]
	at org.junit.jupiter.engine.descriptor.TestMethodTestDescriptor.prepare(TestMethodTestDescriptor.java:100) ~[junit-jupiter-engine-5.7.2.jar:5.7.2]
	at org.junit.jupiter.engine.descriptor.TestMethodTestDescriptor.prepare(TestMethodTestDescriptor.java:65) ~[junit-jupiter-engine-5.7.2.jar:5.7.2]
	at org.junit.platform.engine.support.hierarchical.NodeTestTask.lambda$prepare$1(NodeTestTask.java:111) ~[junit-platform-engine-1.7.2.jar:1.7.2]
	at org.junit.platform.engine.support.hierarchical.ThrowableCollector.execute(ThrowableCollector.java:73) ~[junit-platform-engine-1.7.2.jar:1.7.2]
	at org.junit.platform.engine.support.hierarchical.NodeTestTask.prepare(NodeTestTask.java:111) ~[junit-platform-engine-1.7.2.jar:1.7.2]
	at org.junit.platform.engine.support.hierarchical.NodeTestTask.execute(NodeTestTask.java:79) ~[junit-platform-engine-1.7.2.jar:1.7.2]
	at java.util.ArrayList.forEach(ArrayList.java:1257) ~[na:1.8.0_231]
	at org.junit.platform.engine.support.hierarchical.SameThreadHierarchicalTestExecutorService.invokeAll(SameThreadHierarchicalTestExecutorService.java:38) ~[junit-platform-engine-1.7.2.jar:1.7.2]
	at org.junit.platform.engine.support.hierarchical.NodeTestTask.lambda$executeRecursively$5(NodeTestTask.java:143) ~[junit-platform-engine-1.7.2.jar:1.7.2]
	at org.junit.platform.engine.support.hierarchical.ThrowableCollector.execute(ThrowableCollector.java:73) ~[junit-platform-engine-1.7.2.jar:1.7.2]
	at org.junit.platform.engine.support.hierarchical.NodeTestTask.lambda$executeRecursively$7(NodeTestTask.java:129) ~[junit-platform-engine-1.7.2.jar:1.7.2]
	at org.junit.platform.engine.support.hierarchical.Node.around(Node.java:137) ~[junit-platform-engine-1.7.2.jar:1.7.2]
	at org.junit.platform.engine.support.hierarchical.NodeTestTask.lambda$executeRecursively$8(NodeTestTask.java:127) ~[junit-platform-engine-1.7.2.jar:1.7.2]
	at org.junit.platform.engine.support.hierarchical.ThrowableCollector.execute(ThrowableCollector.java:73) ~[junit-platform-engine-1.7.2.jar:1.7.2]
	at org.junit.platform.engine.support.hierarchical.NodeTestTask.executeRecursively(NodeTestTask.java:126) ~[junit-platform-engine-1.7.2.jar:1.7.2]
	at org.junit.platform.engine.support.hierarchical.NodeTestTask.execute(NodeTestTask.java:84) ~[junit-platform-engine-1.7.2.jar:1.7.2]
	at java.util.ArrayList.forEach(ArrayList.java:1257) ~[na:1.8.0_231]
	at org.junit.platform.engine.support.hierarchical.SameThreadHierarchicalTestExecutorService.invokeAll(SameThreadHierarchicalTestExecutorService.java:38) ~[junit-platform-engine-1.7.2.jar:1.7.2]
	at org.junit.platform.engine.support.hierarchical.NodeTestTask.lambda$executeRecursively$5(NodeTestTask.java:143) ~[junit-platform-engine-1.7.2.jar:1.7.2]
	at org.junit.platform.engine.support.hierarchical.ThrowableCollector.execute(ThrowableCollector.java:73) ~[junit-platform-engine-1.7.2.jar:1.7.2]
	at org.junit.platform.engine.support.hierarchical.NodeTestTask.lambda$executeRecursively$7(NodeTestTask.java:129) ~[junit-platform-engine-1.7.2.jar:1.7.2]
	at org.junit.platform.engine.support.hierarchical.Node.around(Node.java:137) ~[junit-platform-engine-1.7.2.jar:1.7.2]
	at org.junit.platform.engine.support.hierarchical.NodeTestTask.lambda$executeRecursively$8(NodeTestTask.java:127) ~[junit-platform-engine-1.7.2.jar:1.7.2]
	at org.junit.platform.engine.support.hierarchical.ThrowableCollector.execute(ThrowableCollector.java:73) ~[junit-platform-engine-1.7.2.jar:1.7.2]
	at org.junit.platform.engine.support.hierarchical.NodeTestTask.executeRecursively(NodeTestTask.java:126) ~[junit-platform-engine-1.7.2.jar:1.7.2]
	at org.junit.platform.engine.support.hierarchical.NodeTestTask.execute(NodeTestTask.java:84) ~[junit-platform-engine-1.7.2.jar:1.7.2]
	at org.junit.platform.engine.support.hierarchical.SameThreadHierarchicalTestExecutorService.submit(SameThreadHierarchicalTestExecutorService.java:32) ~[junit-platform-engine-1.7.2.jar:1.7.2]
	at org.junit.platform.engine.support.hierarchical.HierarchicalTestExecutor.execute(HierarchicalTestExecutor.java:57) ~[junit-platform-engine-1.7.2.jar:1.7.2]
	at org.junit.platform.engine.support.hierarchical.HierarchicalTestEngine.execute(HierarchicalTestEngine.java:51) ~[junit-platform-engine-1.7.2.jar:1.7.2]
	at org.junit.platform.launcher.core.DefaultLauncher.execute(DefaultLauncher.java:220) ~[junit-platform-launcher-1.3.1.jar:1.3.1]
	at org.junit.platform.launcher.core.DefaultLauncher.lambda$execute$6(DefaultLauncher.java:188) ~[junit-platform-launcher-1.3.1.jar:1.3.1]
	at org.junit.platform.launcher.core.DefaultLauncher.withInterceptedStreams(DefaultLauncher.java:202) ~[junit-platform-launcher-1.3.1.jar:1.3.1]
	at org.junit.platform.launcher.core.DefaultLauncher.execute(DefaultLauncher.java:181) ~[junit-platform-launcher-1.3.1.jar:1.3.1]
	at org.junit.platform.launcher.core.DefaultLauncher.execute(DefaultLauncher.java:128) ~[junit-platform-launcher-1.3.1.jar:1.3.1]
	at org.apache.maven.surefire.junitplatform.JUnitPlatformProvider.invokeAllTests(JUnitPlatformProvider.java:150) ~[surefire-junit-platform-2.22.2.jar:2.22.2]
	at org.apache.maven.surefire.junitplatform.JUnitPlatformProvider.invoke(JUnitPlatformProvider.java:124) ~[surefire-junit-platform-2.22.2.jar:2.22.2]
	at org.apache.maven.surefire.booter.ForkedBooter.invokeProviderInSameClassLoader(ForkedBooter.java:384) ~[surefire-booter-2.22.2.jar:2.22.2]
	at org.apache.maven.surefire.booter.ForkedBooter.runSuitesInProcess(ForkedBooter.java:345) ~[surefire-booter-2.22.2.jar:2.22.2]
	at org.apache.maven.surefire.booter.ForkedBooter.execute(ForkedBooter.java:126) ~[surefire-booter-2.22.2.jar:2.22.2]
	at org.apache.maven.surefire.booter.ForkedBooter.main(ForkedBooter.java:418) ~[surefire-booter-2.22.2.jar:2.22.2]
Caused by: org.springframework.beans.factory.BeanCreationException: Error creating bean with name 'aliCloudEdasSdk' defined in class path resource [com/alibaba/cloud/spring/boot/context/autoconfigure/EdasContextAutoConfiguration.class]: Bean instantiation via factory method failed; nested exception is org.springframework.beans.BeanInstantiationException: Failed to instantiate [com.alibaba.cloud.context.edas.AliCloudEdasSdk]: Factory method 'aliCloudEdasSdk' threw exception; nested exception is java.lang.NoSuchMethodError: com.aliyuncs.profile.DefaultProfile.getHttpClientConfig()Lcom/aliyuncs/http/HttpClientConfig;
	at org.springframework.beans.factory.support.ConstructorResolver.instantiate(ConstructorResolver.java:658) ~[spring-beans-5.3.12.jar:5.3.12]
	at org.springframework.beans.factory.support.ConstructorResolver.instantiateUsingFactoryMethod(ConstructorResolver.java:638) ~[spring-beans-5.3.12.jar:5.3.12]
	at org.springframework.beans.factory.support.AbstractAutowireCapableBeanFactory.instantiateUsingFactoryMethod(AbstractAutowireCapableBeanFactory.java:1352) ~[spring-beans-5.3.12.jar:5.3.12]
	at org.springframework.beans.factory.support.AbstractAutowireCapableBeanFactory.createBeanInstance(AbstractAutowireCapableBeanFactory.java:1195) ~[spring-beans-5.3.12.jar:5.3.12]
	at org.springframework.beans.factory.support.AbstractAutowireCapableBeanFactory.doCreateBean(AbstractAutowireCapableBeanFactory.java:582) ~[spring-beans-5.3.12.jar:5.3.12]
	at org.springframework.beans.factory.support.AbstractAutowireCapableBeanFactory.createBean(AbstractAutowireCapableBeanFactory.java:542) ~[spring-beans-5.3.12.jar:5.3.12]
	at org.springframework.beans.factory.support.AbstractBeanFactory.lambda$doGetBean$0(AbstractBeanFactory.java:335) ~[spring-beans-5.3.12.jar:5.3.12]
	at org.springframework.beans.factory.support.DefaultSingletonBeanRegistry.getSingleton(DefaultSingletonBeanRegistry.java:234) ~[spring-beans-5.3.12.jar:5.3.12]
	at org.springframework.beans.factory.support.AbstractBeanFactory.doGetBean(AbstractBeanFactory.java:333) ~[spring-beans-5.3.12.jar:5.3.12]
	at org.springframework.beans.factory.support.AbstractBeanFactory.getBean(AbstractBeanFactory.java:208) ~[spring-beans-5.3.12.jar:5.3.12]
	at org.springframework.beans.factory.support.DefaultListableBeanFactory.preInstantiateSingletons(DefaultListableBeanFactory.java:944) ~[spring-beans-5.3.12.jar:5.3.12]
	at org.springframework.context.support.AbstractApplicationContext.finishBeanFactoryInitialization(AbstractApplicationContext.java:918) ~[spring-context-5.3.12.jar:5.3.12]
	at org.springframework.context.support.AbstractApplicationContext.refresh(AbstractApplicationContext.java:583) ~[spring-context-5.3.12.jar:5.3.12]
	at org.springframework.boot.SpringApplication.refresh(SpringApplication.java:754) ~[spring-boot-2.5.6.jar:2.5.6]
	at org.springframework.boot.SpringApplication.refreshContext(SpringApplication.java:434) ~[spring-boot-2.5.6.jar:2.5.6]
	at org.springframework.boot.SpringApplication.run(SpringApplication.java:338) ~[spring-boot-2.5.6.jar:2.5.6]
	at org.springframework.boot.test.context.SpringBootContextLoader.loadContext(SpringBootContextLoader.java:123) ~[spring-boot-test-2.5.6.jar:2.5.6]
	at org.springframework.test.context.cache.DefaultCacheAwareContextLoaderDelegate.loadContextInternal(DefaultCacheAwareContextLoaderDelegate.java:99) ~[spring-test-5.3.12.jar:5.3.12]
	at org.springframework.test.context.cache.DefaultCacheAwareContextLoaderDelegate.loadContext(DefaultCacheAwareContextLoaderDelegate.java:124) ~[spring-test-5.3.12.jar:5.3.12]
	... 67 common frames omitted
Caused by: org.springframework.beans.BeanInstantiationException: Failed to instantiate [com.alibaba.cloud.context.edas.AliCloudEdasSdk]: Factory method 'aliCloudEdasSdk' threw exception; nested exception is java.lang.NoSuchMethodError: com.aliyuncs.profile.DefaultProfile.getHttpClientConfig()Lcom/aliyuncs/http/HttpClientConfig;
	at org.springframework.beans.factory.support.SimpleInstantiationStrategy.instantiate(SimpleInstantiationStrategy.java:185) ~[spring-beans-5.3.12.jar:5.3.12]
	at org.springframework.beans.factory.support.ConstructorResolver.instantiate(ConstructorResolver.java:653) ~[spring-beans-5.3.12.jar:5.3.12]
	... 85 common frames omitted
Caused by: java.lang.NoSuchMethodError: com.aliyuncs.profile.DefaultProfile.getHttpClientConfig()Lcom/aliyuncs/http/HttpClientConfig;
	at com.alibaba.cloud.context.AliCloudSdk.<init>(AliCloudSdk.java:76) ~[alicloud-context-1.0.5.jar:na]
	at com.alibaba.cloud.context.edas.AliCloudEdasSdkFactory.getDefaultAliCloudEdasSdk(AliCloudEdasSdkFactory.java:34) ~[alicloud-context-1.0.5.jar:na]
	at com.alibaba.cloud.spring.boot.context.autoconfigure.EdasContextAutoConfiguration.aliCloudEdasSdk(EdasContextAutoConfiguration.java:42) ~[aliyun-context-spring-boot-starter-1.0.0.jar:1.0.0]
	at sun.reflect.NativeMethodAccessorImpl.invoke0(Native Method) ~[na:1.8.0_231]
	at sun.reflect.NativeMethodAccessorImpl.invoke(NativeMethodAccessorImpl.java:62) ~[na:1.8.0_231]
	at sun.reflect.DelegatingMethodAccessorImpl.invoke(DelegatingMethodAccessorImpl.java:43) ~[na:1.8.0_231]
	at java.lang.reflect.Method.invoke(Method.java:498) ~[na:1.8.0_231]
	at org.springframework.beans.factory.support.SimpleInstantiationStrategy.instantiate(SimpleInstantiationStrategy.java:154) ~[spring-beans-5.3.12.jar:5.3.12]
	... 86 common frames omitted

]]></system-out>
  </testcase>
</testsuite>