<?xml version="1.0" encoding="UTF-8"?>
<testsuite xmlns:xsi="http://www.w3.org/2001/XMLSchema-instance" xsi:noNamespaceSchemaLocation="https://maven.apache.org/surefire/maven-surefire-plugin/xsd/surefire-test-report.xsd" name="com.example.chatuser.ChatUserApplicationTests" time="14.818" tests="1" errors="0" skipped="0" failures="0">
  <properties>
    <property name="sun.desktop" value="windows"/>
    <property name="awt.toolkit" value="sun.awt.windows.WToolkit"/>
    <property name="file.encoding.pkg" value="sun.io"/>
    <property name="java.specification.version" value="1.8"/>
    <property name="sun.cpu.isalist" value="amd64"/>
    <property name="sun.jnu.encoding" value="GBK"/>
    <property name="java.class.path" value="C:\Users\Administrator\Desktop\chat\chat-user\target\test-classes;C:\Users\Administrator\Desktop\chat\chat-user\target\classes;E:\maven_data\org\mybatis\spring\boot\mybatis-spring-boot-starter\2.2.2\mybatis-spring-boot-starter-2.2.2.jar;E:\maven_data\org\springframework\boot\spring-boot-starter\2.5.6\spring-boot-starter-2.5.6.jar;E:\maven_data\org\springframework\boot\spring-boot-starter-logging\2.5.6\spring-boot-starter-logging-2.5.6.jar;E:\maven_data\ch\qos\logback\logback-classic\1.2.6\logback-classic-1.2.6.jar;E:\maven_data\ch\qos\logback\logback-core\1.2.6\logback-core-1.2.6.jar;E:\maven_data\org\apache\logging\log4j\log4j-to-slf4j\2.14.1\log4j-to-slf4j-2.14.1.jar;E:\maven_data\org\apache\logging\log4j\log4j-api\2.14.1\log4j-api-2.14.1.jar;E:\maven_data\org\slf4j\jul-to-slf4j\1.7.32\jul-to-slf4j-1.7.32.jar;E:\maven_data\jakarta\annotation\jakarta.annotation-api\1.3.5\jakarta.annotation-api-1.3.5.jar;E:\maven_data\org\yaml\snakeyaml\1.28\snakeyaml-1.28.jar;E:\maven_data\org\mybatis\spring\boot\mybatis-spring-boot-autoconfigure\2.2.2\mybatis-spring-boot-autoconfigure-2.2.2.jar;E:\maven_data\org\mybatis\mybatis\3.5.9\mybatis-3.5.9.jar;E:\maven_data\org\mybatis\mybatis-spring\2.0.7\mybatis-spring-2.0.7.jar;E:\maven_data\com\alibaba\druid\1.2.16\druid-1.2.16.jar;E:\maven_data\mysql\mysql-connector-java\8.0.27\mysql-connector-java-8.0.27.jar;E:\maven_data\org\mybatis\generator\mybatis-generator-core\1.4.2\mybatis-generator-core-1.4.2.jar;E:\maven_data\org\springframework\boot\spring-boot-starter-jdbc\2.5.6\spring-boot-starter-jdbc-2.5.6.jar;E:\maven_data\com\zaxxer\HikariCP\4.0.3\HikariCP-4.0.3.jar;E:\maven_data\org\springframework\spring-jdbc\5.3.12\spring-jdbc-5.3.12.jar;E:\maven_data\org\springframework\spring-tx\5.3.12\spring-tx-5.3.12.jar;E:\maven_data\org\springframework\boot\spring-boot-starter-web\2.5.6\spring-boot-starter-web-2.5.6.jar;E:\maven_data\org\springframework\boot\spring-boot-starter-json\2.5.6\spring-boot-starter-json-2.5.6.jar;E:\maven_data\com\fasterxml\jackson\datatype\jackson-datatype-jdk8\2.12.5\jackson-datatype-jdk8-2.12.5.jar;E:\maven_data\com\fasterxml\jackson\datatype\jackson-datatype-jsr310\2.12.5\jackson-datatype-jsr310-2.12.5.jar;E:\maven_data\com\fasterxml\jackson\module\jackson-module-parameter-names\2.12.5\jackson-module-parameter-names-2.12.5.jar;E:\maven_data\org\springframework\boot\spring-boot-starter-tomcat\2.5.6\spring-boot-starter-tomcat-2.5.6.jar;E:\maven_data\org\apache\tomcat\embed\tomcat-embed-core\9.0.54\tomcat-embed-core-9.0.54.jar;E:\maven_data\org\apache\tomcat\embed\tomcat-embed-el\9.0.54\tomcat-embed-el-9.0.54.jar;E:\maven_data\org\apache\tomcat\embed\tomcat-embed-websocket\9.0.54\tomcat-embed-websocket-9.0.54.jar;E:\maven_data\org\springframework\spring-web\5.3.12\spring-web-5.3.12.jar;E:\maven_data\org\springframework\spring-webmvc\5.3.12\spring-webmvc-5.3.12.jar;E:\maven_data\org\projectlombok\lombok\1.18.26\lombok-1.18.26.jar;E:\maven_data\org\springframework\boot\spring-boot-starter-test\2.5.6\spring-boot-starter-test-2.5.6.jar;E:\maven_data\org\springframework\boot\spring-boot-test\2.5.6\spring-boot-test-2.5.6.jar;E:\maven_data\org\springframework\boot\spring-boot-test-autoconfigure\2.5.6\spring-boot-test-autoconfigure-2.5.6.jar;E:\maven_data\com\jayway\jsonpath\json-path\2.5.0\json-path-2.5.0.jar;E:\maven_data\net\minidev\json-smart\2.4.7\json-smart-2.4.7.jar;E:\maven_data\net\minidev\accessors-smart\2.4.7\accessors-smart-2.4.7.jar;E:\maven_data\org\ow2\asm\asm\9.1\asm-9.1.jar;E:\maven_data\jakarta\xml\bind\jakarta.xml.bind-api\2.3.3\jakarta.xml.bind-api-2.3.3.jar;E:\maven_data\jakarta\activation\jakarta.activation-api\1.2.2\jakarta.activation-api-1.2.2.jar;E:\maven_data\org\assertj\assertj-core\3.19.0\assertj-core-3.19.0.jar;E:\maven_data\org\hamcrest\hamcrest\2.2\hamcrest-2.2.jar;E:\maven_data\org\junit\jupiter\junit-jupiter\5.7.2\junit-jupiter-5.7.2.jar;E:\maven_data\org\junit\jupiter\junit-jupiter-api\5.7.2\junit-jupiter-api-5.7.2.jar;E:\maven_data\org\apiguardian\apiguardian-api\1.1.0\apiguardian-api-1.1.0.jar;E:\maven_data\org\opentest4j\opentest4j\1.2.0\opentest4j-1.2.0.jar;E:\maven_data\org\junit\platform\junit-platform-commons\1.7.2\junit-platform-commons-1.7.2.jar;E:\maven_data\org\junit\jupiter\junit-jupiter-params\5.7.2\junit-jupiter-params-5.7.2.jar;E:\maven_data\org\junit\jupiter\junit-jupiter-engine\5.7.2\junit-jupiter-engine-5.7.2.jar;E:\maven_data\org\junit\platform\junit-platform-engine\1.7.2\junit-platform-engine-1.7.2.jar;E:\maven_data\org\mockito\mockito-core\3.9.0\mockito-core-3.9.0.jar;E:\maven_data\net\bytebuddy\byte-buddy\1.10.22\byte-buddy-1.10.22.jar;E:\maven_data\net\bytebuddy\byte-buddy-agent\1.10.22\byte-buddy-agent-1.10.22.jar;E:\maven_data\org\objenesis\objenesis\3.2\objenesis-3.2.jar;E:\maven_data\org\mockito\mockito-junit-jupiter\3.9.0\mockito-junit-jupiter-3.9.0.jar;E:\maven_data\org\skyscreamer\jsonassert\1.5.0\jsonassert-1.5.0.jar;E:\maven_data\com\vaadin\external\google\android-json\0.0.20131108.vaadin1\android-json-0.0.20131108.vaadin1.jar;E:\maven_data\org\springframework\spring-core\5.3.12\spring-core-5.3.12.jar;E:\maven_data\org\springframework\spring-jcl\5.3.12\spring-jcl-5.3.12.jar;E:\maven_data\org\springframework\spring-test\5.3.12\spring-test-5.3.12.jar;E:\maven_data\org\xmlunit\xmlunit-core\2.8.3\xmlunit-core-2.8.3.jar;E:\maven_data\com\baomidou\mybatis-plus-boot-starter\3.5.3.1\mybatis-plus-boot-starter-3.5.3.1.jar;E:\maven_data\com\baomidou\mybatis-plus\3.5.3.1\mybatis-plus-3.5.3.1.jar;E:\maven_data\com\baomidou\mybatis-plus-extension\3.5.3.1\mybatis-plus-extension-3.5.3.1.jar;E:\maven_data\com\baomidou\mybatis-plus-core\3.5.3.1\mybatis-plus-core-3.5.3.1.jar;E:\maven_data\com\baomidou\mybatis-plus-annotation\3.5.3.1\mybatis-plus-annotation-3.5.3.1.jar;E:\maven_data\com\github\jsqlparser\jsqlparser\4.4\jsqlparser-4.4.jar;E:\maven_data\io\swagger\swagger-annotations\1.6.8\swagger-annotations-1.6.8.jar;E:\maven_data\javax\validation\validation-api\2.0.1.Final\validation-api-2.0.1.Final.jar;E:\maven_data\com\alibaba\fastjson\2.0.32\fastjson-2.0.32.jar;E:\maven_data\com\alibaba\fastjson2\fastjson2-extension\2.0.32\fastjson2-extension-2.0.32.jar;E:\maven_data\com\alibaba\fastjson2\fastjson2\2.0.32\fastjson2-2.0.32.jar;E:\maven_data\org\springframework\security\spring-security-core\5.5.3\spring-security-core-5.5.3.jar;E:\maven_data\org\springframework\security\spring-security-crypto\5.5.3\spring-security-crypto-5.5.3.jar;E:\maven_data\org\springframework\spring-aop\5.3.12\spring-aop-5.3.12.jar;E:\maven_data\org\springframework\spring-beans\5.3.12\spring-beans-5.3.12.jar;E:\maven_data\org\springframework\spring-context\5.3.12\spring-context-5.3.12.jar;E:\maven_data\org\springframework\spring-expression\5.3.12\spring-expression-5.3.12.jar;E:\maven_data\org\springframework\boot\spring-boot-starter-mail\2.5.6\spring-boot-starter-mail-2.5.6.jar;E:\maven_data\org\springframework\spring-context-support\5.3.12\spring-context-support-5.3.12.jar;E:\maven_data\com\sun\mail\jakarta.mail\1.6.7\jakarta.mail-1.6.7.jar;E:\maven_data\com\sun\activation\jakarta.activation\1.2.2\jakarta.activation-1.2.2.jar;E:\maven_data\org\springframework\boot\spring-boot-starter-data-redis\2.5.6\spring-boot-starter-data-redis-2.5.6.jar;E:\maven_data\org\springframework\data\spring-data-redis\2.5.6\spring-data-redis-2.5.6.jar;E:\maven_data\org\springframework\data\spring-data-keyvalue\2.5.6\spring-data-keyvalue-2.5.6.jar;E:\maven_data\org\springframework\data\spring-data-commons\2.5.6\spring-data-commons-2.5.6.jar;E:\maven_data\org\springframework\spring-oxm\5.3.12\spring-oxm-5.3.12.jar;E:\maven_data\io\lettuce\lettuce-core\6.1.5.RELEASE\lettuce-core-6.1.5.RELEASE.jar;E:\maven_data\io\netty\netty-common\4.1.69.Final\netty-common-4.1.69.Final.jar;E:\maven_data\io\netty\netty-handler\4.1.69.Final\netty-handler-4.1.69.Final.jar;E:\maven_data\io\netty\netty-resolver\4.1.69.Final\netty-resolver-4.1.69.Final.jar;E:\maven_data\io\netty\netty-buffer\4.1.69.Final\netty-buffer-4.1.69.Final.jar;E:\maven_data\io\netty\netty-codec\4.1.69.Final\netty-codec-4.1.69.Final.jar;E:\maven_data\io\netty\netty-transport\4.1.69.Final\netty-transport-4.1.69.Final.jar;E:\maven_data\io\projectreactor\reactor-core\3.4.11\reactor-core-3.4.11.jar;E:\maven_data\org\reactivestreams\reactive-streams\1.0.3\reactive-streams-1.0.3.jar;E:\maven_data\redis\clients\jedis\3.6.3\jedis-3.6.3.jar;E:\maven_data\org\slf4j\slf4j-api\1.7.32\slf4j-api-1.7.32.jar;E:\maven_data\org\apache\commons\commons-pool2\2.9.0\commons-pool2-2.9.0.jar;E:\maven_data\io\jsonwebtoken\jjwt\0.9.1\jjwt-0.9.1.jar;E:\maven_data\com\fasterxml\jackson\core\jackson-databind\2.12.5\jackson-databind-2.12.5.jar;E:\maven_data\com\fasterxml\jackson\core\jackson-annotations\2.12.5\jackson-annotations-2.12.5.jar;E:\maven_data\com\fasterxml\jackson\core\jackson-core\2.12.5\jackson-core-2.12.5.jar;E:\maven_data\org\springframework\boot\spring-boot-starter-aop\2.5.6\spring-boot-starter-aop-2.5.6.jar;E:\maven_data\org\aspectj\aspectjweaver\1.9.7\aspectjweaver-1.9.7.jar;E:\maven_data\org\apache\commons\commons-lang3\3.12.0\commons-lang3-3.12.0.jar;E:\maven_data\org\springframework\boot\spring-boot-autoconfigure\2.5.6\spring-boot-autoconfigure-2.5.6.jar;E:\maven_data\org\springframework\boot\spring-boot\2.5.6\spring-boot-2.5.6.jar;E:\maven_data\com\belerweb\pinyin4j\2.5.1\pinyin4j-2.5.1.jar;E:\maven_data\com\aliyun\oss\aliyun-sdk-oss\3.17.1\aliyun-sdk-oss-3.17.1.jar;E:\maven_data\org\apache\httpcomponents\httpclient\4.5.13\httpclient-4.5.13.jar;E:\maven_data\org\apache\httpcomponents\httpcore\4.4.14\httpcore-4.4.14.jar;E:\maven_data\commons-codec\commons-codec\1.15\commons-codec-1.15.jar;E:\maven_data\org\jdom\jdom2\2.0.6\jdom2-2.0.6.jar;E:\maven_data\org\codehaus\jettison\jettison\1.5.4\jettison-1.5.4.jar;E:\maven_data\com\aliyun\aliyun-java-sdk-core\4.5.10\aliyun-java-sdk-core-4.5.10.jar;E:\maven_data\com\google\code\gson\gson\2.8.8\gson-2.8.8.jar;E:\maven_data\commons-logging\commons-logging\1.2\commons-logging-1.2.jar;E:\maven_data\javax\xml\bind\jaxb-api\2.3.1\jaxb-api-2.3.1.jar;E:\maven_data\javax\activation\javax.activation-api\1.2.0\javax.activation-api-1.2.0.jar;E:\maven_data\org\jacoco\org.jacoco.agent\0.8.5\org.jacoco.agent-0.8.5-runtime.jar;E:\maven_data\org\ini4j\ini4j\0.5.4\ini4j-0.5.4.jar;E:\maven_data\io\opentracing\opentracing-api\0.33.0\opentracing-api-0.33.0.jar;E:\maven_data\io\opentracing\opentracing-util\0.33.0\opentracing-util-0.33.0.jar;E:\maven_data\io\opentracing\opentracing-noop\0.33.0\opentracing-noop-0.33.0.jar;E:\maven_data\com\aliyun\aliyun-java-sdk-ram\3.1.0\aliyun-java-sdk-ram-3.1.0.jar;E:\maven_data\com\aliyun\aliyun-java-sdk-kms\2.11.0\aliyun-java-sdk-kms-2.11.0.jar;E:\maven_data\io\springfox\springfox-swagger2\2.9.2\springfox-swagger2-2.9.2.jar;E:\maven_data\io\swagger\swagger-models\1.5.20\swagger-models-1.5.20.jar;E:\maven_data\io\springfox\springfox-spi\2.9.2\springfox-spi-2.9.2.jar;E:\maven_data\io\springfox\springfox-core\2.9.2\springfox-core-2.9.2.jar;E:\maven_data\io\springfox\springfox-schema\2.9.2\springfox-schema-2.9.2.jar;E:\maven_data\io\springfox\springfox-swagger-common\2.9.2\springfox-swagger-common-2.9.2.jar;E:\maven_data\io\springfox\springfox-spring-web\2.9.2\springfox-spring-web-2.9.2.jar;E:\maven_data\com\google\guava\guava\20.0\guava-20.0.jar;E:\maven_data\com\fasterxml\classmate\1.5.1\classmate-1.5.1.jar;E:\maven_data\org\springframework\plugin\spring-plugin-core\1.2.0.RELEASE\spring-plugin-core-1.2.0.RELEASE.jar;E:\maven_data\org\springframework\plugin\spring-plugin-metadata\1.2.0.RELEASE\spring-plugin-metadata-1.2.0.RELEASE.jar;E:\maven_data\org\mapstruct\mapstruct\1.2.0.Final\mapstruct-1.2.0.Final.jar;E:\maven_data\io\springfox\springfox-swagger-ui\2.9.2\springfox-swagger-ui-2.9.2.jar;E:\maven_data\com\alibaba\druid-spring-boot-starter\1.2.16\druid-spring-boot-starter-1.2.16.jar;E:\maven_data\log4j\log4j\1.2.17\log4j-1.2.17.jar;"/>
    <property name="java.vm.vendor" value="Oracle Corporation"/>
    <property name="sun.arch.data.model" value="64"/>
    <property name="user.variant" value=""/>
    <property name="java.vendor.url" value="http://java.oracle.com/"/>
    <property name="user.timezone" value="Asia/Shanghai"/>
    <property name="user.country.format" value="HK"/>
    <property name="java.vm.specification.version" value="1.8"/>
    <property name="os.name" value="Windows 10"/>
    <property name="user.country" value="CN"/>
    <property name="sun.java.launcher" value="SUN_STANDARD"/>
    <property name="sun.boot.library.path" value="E:\Java\jdk1.8.0_231\jre\bin"/>
    <property name="sun.java.command" value="C:\Users\Administrator\AppData\Local\Temp\surefire8018542562558905222\surefirebooter2236355236830029771.jar C:\Users\Administrator\AppData\Local\Temp\surefire8018542562558905222 2024-01-10T14-15-50_776-jvmRun1 surefire1056620466323942994tmp surefire_02461997716375808182tmp"/>
    <property name="surefire.test.class.path" value="C:\Users\Administrator\Desktop\chat\chat-user\target\test-classes;C:\Users\Administrator\Desktop\chat\chat-user\target\classes;E:\maven_data\org\mybatis\spring\boot\mybatis-spring-boot-starter\2.2.2\mybatis-spring-boot-starter-2.2.2.jar;E:\maven_data\org\springframework\boot\spring-boot-starter\2.5.6\spring-boot-starter-2.5.6.jar;E:\maven_data\org\springframework\boot\spring-boot-starter-logging\2.5.6\spring-boot-starter-logging-2.5.6.jar;E:\maven_data\ch\qos\logback\logback-classic\1.2.6\logback-classic-1.2.6.jar;E:\maven_data\ch\qos\logback\logback-core\1.2.6\logback-core-1.2.6.jar;E:\maven_data\org\apache\logging\log4j\log4j-to-slf4j\2.14.1\log4j-to-slf4j-2.14.1.jar;E:\maven_data\org\apache\logging\log4j\log4j-api\2.14.1\log4j-api-2.14.1.jar;E:\maven_data\org\slf4j\jul-to-slf4j\1.7.32\jul-to-slf4j-1.7.32.jar;E:\maven_data\jakarta\annotation\jakarta.annotation-api\1.3.5\jakarta.annotation-api-1.3.5.jar;E:\maven_data\org\yaml\snakeyaml\1.28\snakeyaml-1.28.jar;E:\maven_data\org\mybatis\spring\boot\mybatis-spring-boot-autoconfigure\2.2.2\mybatis-spring-boot-autoconfigure-2.2.2.jar;E:\maven_data\org\mybatis\mybatis\3.5.9\mybatis-3.5.9.jar;E:\maven_data\org\mybatis\mybatis-spring\2.0.7\mybatis-spring-2.0.7.jar;E:\maven_data\com\alibaba\druid\1.2.16\druid-1.2.16.jar;E:\maven_data\mysql\mysql-connector-java\8.0.27\mysql-connector-java-8.0.27.jar;E:\maven_data\org\mybatis\generator\mybatis-generator-core\1.4.2\mybatis-generator-core-1.4.2.jar;E:\maven_data\org\springframework\boot\spring-boot-starter-jdbc\2.5.6\spring-boot-starter-jdbc-2.5.6.jar;E:\maven_data\com\zaxxer\HikariCP\4.0.3\HikariCP-4.0.3.jar;E:\maven_data\org\springframework\spring-jdbc\5.3.12\spring-jdbc-5.3.12.jar;E:\maven_data\org\springframework\spring-tx\5.3.12\spring-tx-5.3.12.jar;E:\maven_data\org\springframework\boot\spring-boot-starter-web\2.5.6\spring-boot-starter-web-2.5.6.jar;E:\maven_data\org\springframework\boot\spring-boot-starter-json\2.5.6\spring-boot-starter-json-2.5.6.jar;E:\maven_data\com\fasterxml\jackson\datatype\jackson-datatype-jdk8\2.12.5\jackson-datatype-jdk8-2.12.5.jar;E:\maven_data\com\fasterxml\jackson\datatype\jackson-datatype-jsr310\2.12.5\jackson-datatype-jsr310-2.12.5.jar;E:\maven_data\com\fasterxml\jackson\module\jackson-module-parameter-names\2.12.5\jackson-module-parameter-names-2.12.5.jar;E:\maven_data\org\springframework\boot\spring-boot-starter-tomcat\2.5.6\spring-boot-starter-tomcat-2.5.6.jar;E:\maven_data\org\apache\tomcat\embed\tomcat-embed-core\9.0.54\tomcat-embed-core-9.0.54.jar;E:\maven_data\org\apache\tomcat\embed\tomcat-embed-el\9.0.54\tomcat-embed-el-9.0.54.jar;E:\maven_data\org\apache\tomcat\embed\tomcat-embed-websocket\9.0.54\tomcat-embed-websocket-9.0.54.jar;E:\maven_data\org\springframework\spring-web\5.3.12\spring-web-5.3.12.jar;E:\maven_data\org\springframework\spring-webmvc\5.3.12\spring-webmvc-5.3.12.jar;E:\maven_data\org\projectlombok\lombok\1.18.26\lombok-1.18.26.jar;E:\maven_data\org\springframework\boot\spring-boot-starter-test\2.5.6\spring-boot-starter-test-2.5.6.jar;E:\maven_data\org\springframework\boot\spring-boot-test\2.5.6\spring-boot-test-2.5.6.jar;E:\maven_data\org\springframework\boot\spring-boot-test-autoconfigure\2.5.6\spring-boot-test-autoconfigure-2.5.6.jar;E:\maven_data\com\jayway\jsonpath\json-path\2.5.0\json-path-2.5.0.jar;E:\maven_data\net\minidev\json-smart\2.4.7\json-smart-2.4.7.jar;E:\maven_data\net\minidev\accessors-smart\2.4.7\accessors-smart-2.4.7.jar;E:\maven_data\org\ow2\asm\asm\9.1\asm-9.1.jar;E:\maven_data\jakarta\xml\bind\jakarta.xml.bind-api\2.3.3\jakarta.xml.bind-api-2.3.3.jar;E:\maven_data\jakarta\activation\jakarta.activation-api\1.2.2\jakarta.activation-api-1.2.2.jar;E:\maven_data\org\assertj\assertj-core\3.19.0\assertj-core-3.19.0.jar;E:\maven_data\org\hamcrest\hamcrest\2.2\hamcrest-2.2.jar;E:\maven_data\org\junit\jupiter\junit-jupiter\5.7.2\junit-jupiter-5.7.2.jar;E:\maven_data\org\junit\jupiter\junit-jupiter-api\5.7.2\junit-jupiter-api-5.7.2.jar;E:\maven_data\org\apiguardian\apiguardian-api\1.1.0\apiguardian-api-1.1.0.jar;E:\maven_data\org\opentest4j\opentest4j\1.2.0\opentest4j-1.2.0.jar;E:\maven_data\org\junit\platform\junit-platform-commons\1.7.2\junit-platform-commons-1.7.2.jar;E:\maven_data\org\junit\jupiter\junit-jupiter-params\5.7.2\junit-jupiter-params-5.7.2.jar;E:\maven_data\org\junit\jupiter\junit-jupiter-engine\5.7.2\junit-jupiter-engine-5.7.2.jar;E:\maven_data\org\junit\platform\junit-platform-engine\1.7.2\junit-platform-engine-1.7.2.jar;E:\maven_data\org\mockito\mockito-core\3.9.0\mockito-core-3.9.0.jar;E:\maven_data\net\bytebuddy\byte-buddy\1.10.22\byte-buddy-1.10.22.jar;E:\maven_data\net\bytebuddy\byte-buddy-agent\1.10.22\byte-buddy-agent-1.10.22.jar;E:\maven_data\org\objenesis\objenesis\3.2\objenesis-3.2.jar;E:\maven_data\org\mockito\mockito-junit-jupiter\3.9.0\mockito-junit-jupiter-3.9.0.jar;E:\maven_data\org\skyscreamer\jsonassert\1.5.0\jsonassert-1.5.0.jar;E:\maven_data\com\vaadin\external\google\android-json\0.0.20131108.vaadin1\android-json-0.0.20131108.vaadin1.jar;E:\maven_data\org\springframework\spring-core\5.3.12\spring-core-5.3.12.jar;E:\maven_data\org\springframework\spring-jcl\5.3.12\spring-jcl-5.3.12.jar;E:\maven_data\org\springframework\spring-test\5.3.12\spring-test-5.3.12.jar;E:\maven_data\org\xmlunit\xmlunit-core\2.8.3\xmlunit-core-2.8.3.jar;E:\maven_data\com\baomidou\mybatis-plus-boot-starter\3.5.3.1\mybatis-plus-boot-starter-3.5.3.1.jar;E:\maven_data\com\baomidou\mybatis-plus\3.5.3.1\mybatis-plus-3.5.3.1.jar;E:\maven_data\com\baomidou\mybatis-plus-extension\3.5.3.1\mybatis-plus-extension-3.5.3.1.jar;E:\maven_data\com\baomidou\mybatis-plus-core\3.5.3.1\mybatis-plus-core-3.5.3.1.jar;E:\maven_data\com\baomidou\mybatis-plus-annotation\3.5.3.1\mybatis-plus-annotation-3.5.3.1.jar;E:\maven_data\com\github\jsqlparser\jsqlparser\4.4\jsqlparser-4.4.jar;E:\maven_data\io\swagger\swagger-annotations\1.6.8\swagger-annotations-1.6.8.jar;E:\maven_data\javax\validation\validation-api\2.0.1.Final\validation-api-2.0.1.Final.jar;E:\maven_data\com\alibaba\fastjson\2.0.32\fastjson-2.0.32.jar;E:\maven_data\com\alibaba\fastjson2\fastjson2-extension\2.0.32\fastjson2-extension-2.0.32.jar;E:\maven_data\com\alibaba\fastjson2\fastjson2\2.0.32\fastjson2-2.0.32.jar;E:\maven_data\org\springframework\security\spring-security-core\5.5.3\spring-security-core-5.5.3.jar;E:\maven_data\org\springframework\security\spring-security-crypto\5.5.3\spring-security-crypto-5.5.3.jar;E:\maven_data\org\springframework\spring-aop\5.3.12\spring-aop-5.3.12.jar;E:\maven_data\org\springframework\spring-beans\5.3.12\spring-beans-5.3.12.jar;E:\maven_data\org\springframework\spring-context\5.3.12\spring-context-5.3.12.jar;E:\maven_data\org\springframework\spring-expression\5.3.12\spring-expression-5.3.12.jar;E:\maven_data\org\springframework\boot\spring-boot-starter-mail\2.5.6\spring-boot-starter-mail-2.5.6.jar;E:\maven_data\org\springframework\spring-context-support\5.3.12\spring-context-support-5.3.12.jar;E:\maven_data\com\sun\mail\jakarta.mail\1.6.7\jakarta.mail-1.6.7.jar;E:\maven_data\com\sun\activation\jakarta.activation\1.2.2\jakarta.activation-1.2.2.jar;E:\maven_data\org\springframework\boot\spring-boot-starter-data-redis\2.5.6\spring-boot-starter-data-redis-2.5.6.jar;E:\maven_data\org\springframework\data\spring-data-redis\2.5.6\spring-data-redis-2.5.6.jar;E:\maven_data\org\springframework\data\spring-data-keyvalue\2.5.6\spring-data-keyvalue-2.5.6.jar;E:\maven_data\org\springframework\data\spring-data-commons\2.5.6\spring-data-commons-2.5.6.jar;E:\maven_data\org\springframework\spring-oxm\5.3.12\spring-oxm-5.3.12.jar;E:\maven_data\io\lettuce\lettuce-core\6.1.5.RELEASE\lettuce-core-6.1.5.RELEASE.jar;E:\maven_data\io\netty\netty-common\4.1.69.Final\netty-common-4.1.69.Final.jar;E:\maven_data\io\netty\netty-handler\4.1.69.Final\netty-handler-4.1.69.Final.jar;E:\maven_data\io\netty\netty-resolver\4.1.69.Final\netty-resolver-4.1.69.Final.jar;E:\maven_data\io\netty\netty-buffer\4.1.69.Final\netty-buffer-4.1.69.Final.jar;E:\maven_data\io\netty\netty-codec\4.1.69.Final\netty-codec-4.1.69.Final.jar;E:\maven_data\io\netty\netty-transport\4.1.69.Final\netty-transport-4.1.69.Final.jar;E:\maven_data\io\projectreactor\reactor-core\3.4.11\reactor-core-3.4.11.jar;E:\maven_data\org\reactivestreams\reactive-streams\1.0.3\reactive-streams-1.0.3.jar;E:\maven_data\redis\clients\jedis\3.6.3\jedis-3.6.3.jar;E:\maven_data\org\slf4j\slf4j-api\1.7.32\slf4j-api-1.7.32.jar;E:\maven_data\org\apache\commons\commons-pool2\2.9.0\commons-pool2-2.9.0.jar;E:\maven_data\io\jsonwebtoken\jjwt\0.9.1\jjwt-0.9.1.jar;E:\maven_data\com\fasterxml\jackson\core\jackson-databind\2.12.5\jackson-databind-2.12.5.jar;E:\maven_data\com\fasterxml\jackson\core\jackson-annotations\2.12.5\jackson-annotations-2.12.5.jar;E:\maven_data\com\fasterxml\jackson\core\jackson-core\2.12.5\jackson-core-2.12.5.jar;E:\maven_data\org\springframework\boot\spring-boot-starter-aop\2.5.6\spring-boot-starter-aop-2.5.6.jar;E:\maven_data\org\aspectj\aspectjweaver\1.9.7\aspectjweaver-1.9.7.jar;E:\maven_data\org\apache\commons\commons-lang3\3.12.0\commons-lang3-3.12.0.jar;E:\maven_data\org\springframework\boot\spring-boot-autoconfigure\2.5.6\spring-boot-autoconfigure-2.5.6.jar;E:\maven_data\org\springframework\boot\spring-boot\2.5.6\spring-boot-2.5.6.jar;E:\maven_data\com\belerweb\pinyin4j\2.5.1\pinyin4j-2.5.1.jar;E:\maven_data\com\aliyun\oss\aliyun-sdk-oss\3.17.1\aliyun-sdk-oss-3.17.1.jar;E:\maven_data\org\apache\httpcomponents\httpclient\4.5.13\httpclient-4.5.13.jar;E:\maven_data\org\apache\httpcomponents\httpcore\4.4.14\httpcore-4.4.14.jar;E:\maven_data\commons-codec\commons-codec\1.15\commons-codec-1.15.jar;E:\maven_data\org\jdom\jdom2\2.0.6\jdom2-2.0.6.jar;E:\maven_data\org\codehaus\jettison\jettison\1.5.4\jettison-1.5.4.jar;E:\maven_data\com\aliyun\aliyun-java-sdk-core\4.5.10\aliyun-java-sdk-core-4.5.10.jar;E:\maven_data\com\google\code\gson\gson\2.8.8\gson-2.8.8.jar;E:\maven_data\commons-logging\commons-logging\1.2\commons-logging-1.2.jar;E:\maven_data\javax\xml\bind\jaxb-api\2.3.1\jaxb-api-2.3.1.jar;E:\maven_data\javax\activation\javax.activation-api\1.2.0\javax.activation-api-1.2.0.jar;E:\maven_data\org\jacoco\org.jacoco.agent\0.8.5\org.jacoco.agent-0.8.5-runtime.jar;E:\maven_data\org\ini4j\ini4j\0.5.4\ini4j-0.5.4.jar;E:\maven_data\io\opentracing\opentracing-api\0.33.0\opentracing-api-0.33.0.jar;E:\maven_data\io\opentracing\opentracing-util\0.33.0\opentracing-util-0.33.0.jar;E:\maven_data\io\opentracing\opentracing-noop\0.33.0\opentracing-noop-0.33.0.jar;E:\maven_data\com\aliyun\aliyun-java-sdk-ram\3.1.0\aliyun-java-sdk-ram-3.1.0.jar;E:\maven_data\com\aliyun\aliyun-java-sdk-kms\2.11.0\aliyun-java-sdk-kms-2.11.0.jar;E:\maven_data\io\springfox\springfox-swagger2\2.9.2\springfox-swagger2-2.9.2.jar;E:\maven_data\io\swagger\swagger-models\1.5.20\swagger-models-1.5.20.jar;E:\maven_data\io\springfox\springfox-spi\2.9.2\springfox-spi-2.9.2.jar;E:\maven_data\io\springfox\springfox-core\2.9.2\springfox-core-2.9.2.jar;E:\maven_data\io\springfox\springfox-schema\2.9.2\springfox-schema-2.9.2.jar;E:\maven_data\io\springfox\springfox-swagger-common\2.9.2\springfox-swagger-common-2.9.2.jar;E:\maven_data\io\springfox\springfox-spring-web\2.9.2\springfox-spring-web-2.9.2.jar;E:\maven_data\com\google\guava\guava\20.0\guava-20.0.jar;E:\maven_data\com\fasterxml\classmate\1.5.1\classmate-1.5.1.jar;E:\maven_data\org\springframework\plugin\spring-plugin-core\1.2.0.RELEASE\spring-plugin-core-1.2.0.RELEASE.jar;E:\maven_data\org\springframework\plugin\spring-plugin-metadata\1.2.0.RELEASE\spring-plugin-metadata-1.2.0.RELEASE.jar;E:\maven_data\org\mapstruct\mapstruct\1.2.0.Final\mapstruct-1.2.0.Final.jar;E:\maven_data\io\springfox\springfox-swagger-ui\2.9.2\springfox-swagger-ui-2.9.2.jar;E:\maven_data\com\alibaba\druid-spring-boot-starter\1.2.16\druid-spring-boot-starter-1.2.16.jar;E:\maven_data\log4j\log4j\1.2.17\log4j-1.2.17.jar;"/>
    <property name="sun.cpu.endian" value="little"/>
    <property name="user.home" value="C:\Users\Administrator"/>
    <property name="user.language" value="zh"/>
    <property name="java.specification.vendor" value="Oracle Corporation"/>
    <property name="java.home" value="E:\Java\jdk1.8.0_231\jre"/>
    <property name="basedir" value="C:\Users\Administrator\Desktop\chat\chat-user"/>
    <property name="file.separator" value="\"/>
    <property name="line.separator" value="&#10;"/>
    <property name="java.vm.specification.vendor" value="Oracle Corporation"/>
    <property name="java.specification.name" value="Java Platform API Specification"/>
    <property name="java.awt.graphicsenv" value="sun.awt.Win32GraphicsEnvironment"/>
    <property name="surefire.real.class.path" value="C:\Users\Administrator\AppData\Local\Temp\surefire8018542562558905222\surefirebooter2236355236830029771.jar"/>
    <property name="sun.boot.class.path" value="E:\Java\jdk1.8.0_231\jre\lib\resources.jar;E:\Java\jdk1.8.0_231\jre\lib\rt.jar;E:\Java\jdk1.8.0_231\jre\lib\sunrsasign.jar;E:\Java\jdk1.8.0_231\jre\lib\jsse.jar;E:\Java\jdk1.8.0_231\jre\lib\jce.jar;E:\Java\jdk1.8.0_231\jre\lib\charsets.jar;E:\Java\jdk1.8.0_231\jre\lib\jfr.jar;E:\Java\jdk1.8.0_231\jre\classes"/>
    <property name="user.script" value=""/>
    <property name="user.script.format" value="Hans"/>
    <property name="sun.management.compiler" value="HotSpot 64-Bit Tiered Compilers"/>
    <property name="java.runtime.version" value="1.8.0_231-b11"/>
    <property name="user.name" value="Administrator"/>
    <property name="path.separator" value=";"/>
    <property name="os.version" value="10.0"/>
    <property name="java.endorsed.dirs" value="E:\Java\jdk1.8.0_231\jre\lib\endorsed"/>
    <property name="java.runtime.name" value="Java(TM) SE Runtime Environment"/>
    <property name="file.encoding" value="GBK"/>
    <property name="java.vm.name" value="Java HotSpot(TM) 64-Bit Server VM"/>
    <property name="localRepository" value="E:\maven_data"/>
    <property name="java.vendor.url.bug" value="http://bugreport.sun.com/bugreport/"/>
    <property name="java.io.tmpdir" value="C:\Users\Administrator\AppData\Local\Temp\"/>
    <property name="idea.version" value="2022.2.5"/>
    <property name="java.version" value="1.8.0_231"/>
    <property name="user.dir" value="C:\Users\Administrator\Desktop\chat\chat-user"/>
    <property name="os.arch" value="amd64"/>
    <property name="java.vm.specification.name" value="Java Virtual Machine Specification"/>
    <property name="java.awt.printerjob" value="sun.awt.windows.WPrinterJob"/>
    <property name="sun.os.patch.level" value=""/>
    <property name="java.library.path" value="E:\Java\jdk1.8.0_231\jre\bin;C:\windows\Sun\Java\bin;C:\windows\system32;C:\windows;C:\Program Files\PlasticSCM5\server;C:\Program Files\PlasticSCM5\client;C:\windows\system32;C:\windows;C:\windows\System32\Wbem;C:\windows\System32\WindowsPowerShell\v1.0\;C:\windows\System32\OpenSSH\;E:\nodejs\;E:\nodejs\node_global;E:\Java\jdk1.8.0_231\bin\;E:\Java\jdk1.8.0_231\jre\bin\;C:\Users\Administrator\AppData\Local\Programs\Python\Python39\Scripts\;E:\mysql\mysql-8.0.25-winx64;E:\mysql\mysql-8.0.25-winx64\bin;C:\Program Files\Git\cmd;C:\Program Files\dotnet\;E:\Xshell\;E:\Xftp\;C:\Users\Administrator\AppData\Local\Programs\Python\Python39\Scripts\;C:\Users\Administrator\AppData\Local\Programs\Python\Python39\;C:\Users\Administrator\AppData\Local\Microsoft\WindowsApps;;E:\IntelliJ IDEA 2022.2.5\bin;;C:\Users\Administrator\AppData\Roaming\npm;E:\PyCharm 2021.1.3\bin;;."/>
    <property name="java.vm.info" value="mixed mode"/>
    <property name="java.vendor" value="Oracle Corporation"/>
    <property name="java.vm.version" value="25.231-b11"/>
    <property name="java.ext.dirs" value="E:\Java\jdk1.8.0_231\jre\lib\ext;C:\windows\Sun\Java\lib\ext"/>
    <property name="sun.io.unicode.encoding" value="UnicodeLittle"/>
    <property name="maven.repo.local" value="E:\maven_data"/>
    <property name="java.class.version" value="52.0"/>
  </properties>
  <testcase name="contextLoads" classname="com.example.chatuser.ChatUserApplicationTests" time="0.541"/>
</testsuite>